C:\Users\Nani\workspace\HLS_testing\hls_first\hls_first\hls\.autopilot\db\led_blink.pp.0.cpp:2257:5: warning: Added loop label VITIS_LOOP_676_1:   [xilinx-label-all-loops]
    for (unsigned i = low; i != high+1; ++i) {
    ^~~
    VITIS_LOOP_676_1: 
C:\Users\Nani\workspace\HLS_testing\hls_first\hls_first\hls\.autopilot\db\led_blink.pp.0.cpp:2257:5: note: FIX-IT applied suggested code changes
C:\Users\Nani\workspace\HLS_testing\hls_first\hls_first\hls\.autopilot\db\led_blink.pp.0.cpp:2271:5: warning: Added loop label VITIS_LOOP_690_1:   [xilinx-label-all-loops]
    for (unsigned i = low; i != high+1; ++i) {
    ^~~
    VITIS_LOOP_690_1: 
C:\Users\Nani\workspace\HLS_testing\hls_first\hls_first\hls\.autopilot\db\led_blink.pp.0.cpp:2271:5: note: FIX-IT applied suggested code changes
C:\Users\Nani\workspace\HLS_testing\hls_first\hls_first\hls\.autopilot\db\led_blink.pp.0.cpp:2285:5: warning: Added loop label VITIS_LOOP_704_1:   [xilinx-label-all-loops]
    for (unsigned i = low; i != high+1; ++i) {
    ^~~
    VITIS_LOOP_704_1: 
C:\Users\Nani\workspace\HLS_testing\hls_first\hls_first\hls\.autopilot\db\led_blink.pp.0.cpp:2285:5: note: FIX-IT applied suggested code changes
C:\Users\Nani\workspace\HLS_testing\hls_first\hls_first\hls\.autopilot\db\led_blink.pp.0.cpp:4253:7: warning: Added loop label VITIS_LOOP_1248_1:   [xilinx-label-all-loops]
      for (i = 0; i < __N - 1; ++i) {
      ^~~
      VITIS_LOOP_1248_1: 
C:\Users\Nani\workspace\HLS_testing\hls_first\hls_first\hls\.autopilot\db\led_blink.pp.0.cpp:4253:7: note: FIX-IT applied suggested code changes
