#-----------------------------------------------------------
# Vivado v2025.1 (64-bit)
# SW Build 6140274 on Thu May 22 00:12:29 MDT 2025
# IP Build 6138677 on Thu May 22 03:10:11 MDT 2025
# SharedData Build 6139179 on Tue May 20 17:58:58 MDT 2025
# Start of session at: Sat Jan 31 14:05:19 2026
# Process ID         : 28880
# Current directory  : C:/Users/Nani/workspace/HLS_testing/hls_first/hls_first/hls/impl/ip
# Command line       : vivado.exe -notrace -mode batch -source run_ippack.tcl
# Log file           : C:/Users/Nani/workspace/HLS_testing/hls_first/hls_first/hls/impl/ip/vivado.log
# Journal file       : C:/Users/Nani/workspace/HLS_testing/hls_first/hls_first/hls/impl/ip\vivado.jou
# Running On         : LAPTOP-BUVLRENO
# Platform           : Windows Server 2016 or Windows 10
# Operating System   : 22631
# Processor Detail   : 12th Gen Intel(R) Core(TM) i7-1260P
# CPU Frequency      : 2496 MHz
# CPU Physical cores : 12
# CPU Logical cores  : 16
# Host memory        : 16870 MB
# Swap memory        : 33466 MB
# Total Virtual      : 50336 MB
# Available Virtual  : 7309 MB
#-----------------------------------------------------------
source run_ippack.tcl -notrace
INFO: calling package_hls_ip ip_types=vitis sysgen json_file=C:/Users/Nani/workspace/HLS_testing/hls_first/hls_first/hls/hls_data.json outdir=C:/Users/Nani/workspace/HLS_testing/hls_first/hls_first/hls/impl/ip srcdir=C:/Users/Nani/workspace/HLS_testing/hls_first/hls_first/hls ippack_options_dict= ippack_options_dict=
INFO: Copied 1 ipmisc file(s) to C:/Users/Nani/workspace/HLS_testing/hls_first/hls_first/hls/impl/ip/misc
INFO: Copied 2 verilog file(s) to C:/Users/Nani/workspace/HLS_testing/hls_first/hls_first/hls/impl/ip/hdl/verilog
INFO: Copied 2 vhdl file(s) to C:/Users/Nani/workspace/HLS_testing/hls_first/hls_first/hls/impl/ip/hdl/vhdl
INFO: Copied 10 swdriver file(s) to C:/Users/Nani/workspace/HLS_testing/hls_first/hls_first/hls/impl/ip/drivers
ipx::create_core: Time (s): cpu = 00:00:03 ; elapsed = 00:00:12 . Memory (MB): peak = 615.270 ; gain = 206.316
INFO: Import ports from HDL: C:/Users/Nani/workspace/HLS_testing/hls_first/hls_first/hls/impl/ip/hdl/vhdl/led_blink.vhd (led_blink)
INFO: Add axi4lite interface s_axi_CTRL
INFO: Add clock interface ap_clk
INFO: Add reset interface ap_rst_n
INFO: Add interrupt interface interrupt
INFO: [IP_Flow 19-234] Refreshing IP repositories
INFO: [IP_Flow 19-1704] No user IP repositories specified
INFO: [IP_Flow 19-2313] Loaded Vivado IP repository 'C:/Xilinx/2025.1/Vivado/data/ip'.
INFO: Calling post_process_vitis to specialize IP
INFO: Calling post_process_sysgen to specialize IP
Generating sysgen info xml from json file
INFO: Created IP C:/Users/Nani/workspace/HLS_testing/hls_first/hls_first/hls/impl/ip/component.xml
INFO: Created IP archive C:/Users/Nani/workspace/HLS_testing/hls_first/hls_first/hls/impl/ip/xilinx_com_hls_led_blink_1_0.zip
INFO: [Common 17-206] Exiting Vivado at Sat Jan 31 14:05:53 2026...
