#-----------------------------------------------------------
# Vivado v2025.1 (64-bit)
# SW Build 6140274 on Thu May 22 00:12:29 MDT 2025
# IP Build 6138677 on Thu May 22 03:10:11 MDT 2025
# SharedData Build 6139179 on Tue May 20 17:58:58 MDT 2025
# Start of session at: Thu Feb 12 10:23:55 2026
# Process ID         : 37036
# Current directory  : C:/Users/Nani/workspace/HLS_testing_3/sys_component/sys_component/hls/impl/ip
# Command line       : vivado.exe -notrace -mode batch -source run_ippack.tcl
# Log file           : C:/Users/Nani/workspace/HLS_testing_3/sys_component/sys_component/hls/impl/ip/vivado.log
# Journal file       : C:/Users/Nani/workspace/HLS_testing_3/sys_component/sys_component/hls/impl/ip\vivado.jou
# Running On         : LAPTOP-BUVLRENO
# Platform           : Windows Server 2016 or Windows 10
# Operating System   : 22631
# Processor Detail   : 12th Gen Intel(R) Core(TM) i7-1260P
# CPU Frequency      : 2496 MHz
# CPU Physical cores : 12
# CPU Logical cores  : 16
# Host memory        : 16870 MB
# Swap memory        : 22470 MB
# Total Virtual      : 39340 MB
# Available Virtual  : 8231 MB
#-----------------------------------------------------------
source run_ippack.tcl -notrace
INFO: calling package_hls_ip ip_types=vitis sysgen json_file=C:/Users/Nani/workspace/HLS_testing_3/sys_component/sys_component/hls/hls_data.json outdir=C:/Users/Nani/workspace/HLS_testing_3/sys_component/sys_component/hls/impl/ip srcdir=C:/Users/Nani/workspace/HLS_testing_3/sys_component/sys_component/hls ippack_options_dict= ippack_options_dict=
INFO: Copied 1 ipmisc file(s) to C:/Users/Nani/workspace/HLS_testing_3/sys_component/sys_component/hls/impl/ip/misc
INFO: Copied 10 verilog file(s) to C:/Users/Nani/workspace/HLS_testing_3/sys_component/sys_component/hls/impl/ip/hdl/verilog
INFO: Copied 10 vhdl file(s) to C:/Users/Nani/workspace/HLS_testing_3/sys_component/sys_component/hls/impl/ip/hdl/vhdl
INFO: Copied 10 swdriver file(s) to C:/Users/Nani/workspace/HLS_testing_3/sys_component/sys_component/hls/impl/ip/drivers
ipx::create_core: Time (s): cpu = 00:00:04 ; elapsed = 00:00:13 . Memory (MB): peak = 611.074 ; gain = 200.977
INFO: Import ports from HDL: C:/Users/Nani/workspace/HLS_testing_3/sys_component/sys_component/hls/impl/ip/hdl/vhdl/systolic_array_kernel.vhd (systolic_array_kernel)
INFO: Add axi4lite interface s_axi_control
INFO: Add clock interface ap_clk
INFO: Add reset interface ap_rst_n
INFO: Add interrupt interface interrupt
INFO: [IP_Flow 19-234] Refreshing IP repositories
INFO: [IP_Flow 19-1704] No user IP repositories specified
INFO: [IP_Flow 19-2313] Loaded Vivado IP repository 'C:/Xilinx/2025.1/Vivado/data/ip'.
INFO: Add axi4full interface m_axi_gmem0
INFO: Add axi4full interface m_axi_gmem1
INFO: Add axi4full interface m_axi_gmem2
INFO: Calling post_process_vitis to specialize IP
INFO: Calling post_process_sysgen to specialize IP
Generating sysgen info xml from json file
INFO: Created IP C:/Users/Nani/workspace/HLS_testing_3/sys_component/sys_component/hls/impl/ip/component.xml
INFO: Created IP archive C:/Users/Nani/workspace/HLS_testing_3/sys_component/sys_component/hls/impl/ip/xilinx_com_hls_systolic_array_kernel_1_0.zip
INFO: [Common 17-206] Exiting Vivado at Thu Feb 12 10:24:18 2026...
