  **** HLS Build v2025.1 6135595
INFO: [HLS 200-2005] Using work_dir C:/Users/Nani/workspace/HLS_testing/hls_first/hls_first 
INFO: [HLS 200-2176] Writing Vitis IDE component file C:/Users/Nani/workspace/HLS_testing/hls_first/hls_first/vitis-comp.json
INFO: [HLS 200-10] Creating and opening component 'C:/Users/Nani/workspace/HLS_testing/hls_first/hls_first'.
INFO: [HLS 200-1505] Using default flow_target 'vivado'
Resolution: For help on HLS 200-1505 see docs.xilinx.com/access/sources/dita/topic?Doc_Version=2025.1%20English&url=ug1448-hls-guidance&resourceid=200-1505.html
INFO: [HLS 200-2174] Applying component config ini file C:/Users/Nani/workspace/HLS_testing/hls_first/hls_config.cfg
INFO: [HLS 200-1465] Applying config ini 'syn.file=led_blink.cpp' from C:/Users/Nani/workspace/HLS_testing/hls_first/hls_config.cfg(8)
INFO: [HLS 200-10] Adding design file 'C:/Users/Nani/workspace/HLS_testing/hls_first/led_blink.cpp' to the project
INFO: [HLS 200-1465] Applying config ini 'syn.file=led_blink.h' from C:/Users/Nani/workspace/HLS_testing/hls_first/hls_config.cfg(9)
INFO: [HLS 200-10] Adding design file 'C:/Users/Nani/workspace/HLS_testing/hls_first/led_blink.h' to the project
INFO: [HLS 200-1465] Applying config ini 'tb.file=tb_led.cpp' from C:/Users/Nani/workspace/HLS_testing/hls_first/hls_config.cfg(10)
INFO: [HLS 200-10] Adding test bench file 'C:/Users/Nani/workspace/HLS_testing/hls_first/tb_led.cpp' to the project
INFO: [HLS 200-1465] Applying config ini 'syn.top=led_blink.cpp' from C:/Users/Nani/workspace/HLS_testing/hls_first/hls_config.cfg(11)
INFO: [HLS 200-1465] Applying config ini 'flow_target=vivado' from C:/Users/Nani/workspace/HLS_testing/hls_first/hls_config.cfg(4)
INFO: [HLS 200-1505] Using flow_target 'vivado'
Resolution: For help on HLS 200-1505 see docs.xilinx.com/access/sources/dita/topic?Doc_Version=2025.1%20English&url=ug1448-hls-guidance&resourceid=200-1505.html
INFO: [HLS 200-1465] Applying config ini 'part=xc7z020clg484-1' from C:/Users/Nani/workspace/HLS_testing/hls_first/hls_config.cfg(1)
INFO: [HLS 200-1611] Setting target device to 'xc7z020-clg484-1'
INFO: [HLS 200-1465] Applying config ini 'clock=10ns' from C:/Users/Nani/workspace/HLS_testing/hls_first/hls_config.cfg(7)
INFO: [SYN 201-201] Setting up clock 'default' with a period of 10ns.
INFO: [HLS 200-1465] Applying config ini 'package.output.format=ip_catalog' from C:/Users/Nani/workspace/HLS_testing/hls_first/hls_config.cfg(5)
INFO: [HLS 200-2176] Writing Vitis IDE component file C:/Users/Nani/workspace/HLS_testing/hls_first/hls_first/vitis-comp.json
INFO: [HLS 200-111] Finished File checks and directory preparation: CPU user time: 1 seconds. CPU system time: 1 seconds. Elapsed time: 7.047 seconds; current allocated memory: 426.391 MB.
INFO: [HLS 200-10] Analyzing design file 'led_blink.cpp' ... 
WARNING: [HLS 200-1986] Could not apply TOP directive, invalid function, label, or variable (:0)
INFO: [HLS 200-111] Finished Source Code Analysis and Preprocessing: CPU user time: 0 seconds. CPU system time: 0 seconds. Elapsed time: 5.722 seconds; current allocated memory: 428.969 MB.
ERROR: [HLS 214-157] Top function not found: there is no function named 'led_blink.cpp'
error: Top function not found: there is no function named 'led_blink.cpp'
ERROR: Error in opt
INFO: [HLS 200-112] Total CPU user time: 1 seconds. Total CPU system time: 1 seconds. Total elapsed time: 16.119 seconds; peak allocated memory: 429.254 MB.
