================================================================
== Design Size Report
================================================================

* Total Instructions per Compilation Phase
+---------------+-----------------------------+--------------+----------------------------------------------------------------------------------------+
| Phase         | Step                        | Instructions | Description                                                                            |
+---------------+-----------------------------+--------------+----------------------------------------------------------------------------------------+
| Compile/Link  |                             |   634        | After all functions are compiled and linked into a single design                       |
|               |                             |              |                                                                                        |
| Unroll/Inline |                             |              | After user unroll and inline pragmas are applied                                       |
|               | (1) unroll                  | 2,027        | user unroll pragmas are applied                                                        |
|               | (2) simplification          | 1,019        | simplification of applied user unroll pragmas                                          |
|               | (3) inline                  | 1,138        | user inline pragmas are applied                                                        |
|               | (4) simplification          | 1,106        | simplification of applied user inline pragmas                                          |
|               |                             |              |                                                                                        |
| Array/Struct  |                             |              | After user array partition and struct aggregate/disaggregate pragmas are applied       |
|               | (1) array partition         | 1,605        | user array partition pragmas are applied                                               |
|               | (2) simplification          |   845        | simplification of applied user array partition & struct aggregate/disaggregate pragmas |
|               | (3) aggregate/disaggregate  |   862        | user struct aggregate/disaggregate pragmas are applied                                 |
|               | (4) array reshape           |   878        | apply array reshape pragmas                                                            |
|               | (5) access patterns         |   575        | array access pattern optmizations                                                      |
|               |                             |              |                                                                                        |
| Performance   |                             |              | After transformations are applied to meet performance pragma targets                   |
|               | (1) loop simplification     |   541        | loop and instruction simplification                                                    |
|               | (2) parallelization         |   477        | loops are unrolled or pipelined to meet performance targets                            |
|               | (3) array partition         |   477        | arrays are partitioned to meet performance targets                                     |
|               | (4) simplification          |   477        | simplification of design after performance transformations                             |
|               |                             |              |                                                                                        |
| HW Transforms |                             |              | After hardware transfomations                                                          |
|               | (1) lowering                |   543        | initial conversion to HW specific instructions                                         |
|               | (2) optimizations           |   565        | high level synthesis optimizations                                                     |
+---------------+-----------------------------+--------------+----------------------------------------------------------------------------------------+

* Instructions per Function for each Compilation Phase
+-------------------------+-----------------+--------------+---------------+--------------+-------------+---------------+
| Function                | Location        | Compile/Link | Unroll/Inline | Array/Struct | Performance | HW Transforms |
+-------------------------+-----------------+--------------+---------------+--------------+-------------+---------------+
| + systolic_array_kernel | systolic.cpp:11 | 634          | 1,106         | 575          | 477         | 565           |
|    reset                | systolic.h:20   |  27          |               |              |             |               |
|    compute              | systolic.h:25   | 105          |               |              |             |               |
|    get_result           | systolic.h:36   |   4          |               |              |             |               |
+-------------------------+-----------------+--------------+---------------+--------------+-------------+---------------+

* Design Size Message Settings
+---------------------------------------------+--------+------------------------------------------------------------------+
| Message Setting                             | Value  | Description                                                      |
+---------------------------------------------+--------+------------------------------------------------------------------+
| config_compile -design_size_maximum_warning | 100000 | Show a warning when total design instructions exceeds this value |
+---------------------------------------------+--------+------------------------------------------------------------------+


