

================================================================
== Vitis HLS Report for 'systolic_array_kernel_Pipeline_EXTRACT_I_EXTRACT_J'
================================================================
* Date:           Thu Feb 12 07:52:14 2026

* Version:        2025.1 (Build 6135595 on May 21 2025)
* Project:        sys_component
* Solution:       hls (Vivado IP Flow Target)
* Product family: zynq
* Target device:  xc7z020-clg484-1


================================================================
== Performance Estimates
================================================================
+ Timing: 
    * Summary: 
    +--------+----------+----------+------------+
    |  Clock |  Target  | Estimated| Uncertainty|
    +--------+----------+----------+------------+
    |ap_clk  |  10.00 ns|  7.300 ns|     2.70 ns|
    +--------+----------+----------+------------+

+ Latency: 
    * Summary: 
    +---------+---------+----------+----------+-----+-----+------------------------------------------------+
    |  Latency (cycles) |  Latency (absolute) |  Interval |                    Pipeline                    |
    |   min   |   max   |    min   |    max   | min | max |                      Type                      |
    +---------+---------+----------+----------+-----+-----+------------------------------------------------+
    |       68|       68|  0.680 us|  0.680 us|   65|   65|  loop auto-rewind stp (delay=0 clock cycles(s))|
    +---------+---------+----------+----------+-----+-----+------------------------------------------------+

    + Detail: 
        * Instance: 
        N/A

        * Loop: 
        +-----------------------+---------+---------+----------+-----------+-----------+------+----------+
        |                       |  Latency (cycles) | Iteration|  Initiation Interval  | Trip |          |
        |       Loop Name       |   min   |   max   |  Latency |  achieved |   target  | Count| Pipelined|
        +-----------------------+---------+---------+----------+-----------+-----------+------+----------+
        |- EXTRACT_I_EXTRACT_J  |       66|       66|         4|          1|          1|    64|       yes|
        +-----------------------+---------+---------+----------+-----------+-----------+------+----------+



================================================================
== Utilization Estimates
================================================================
* Summary: 
+-----------------+---------+-----+--------+-------+-----+
|       Name      | BRAM_18K| DSP |   FF   |  LUT  | URAM|
+-----------------+---------+-----+--------+-------+-----+
|DSP              |        -|    -|       -|      -|    -|
|Expression       |        -|    -|       0|     80|    -|
|FIFO             |        -|    -|       -|      -|    -|
|Instance         |        -|    -|       0|    378|    -|
|Memory           |        -|    -|       -|      -|    -|
|Multiplexer      |        -|    -|       0|     63|    -|
|Register         |        -|    -|     167|      -|    -|
+-----------------+---------+-----+--------+-------+-----+
|Total            |        0|    0|     167|    521|    0|
+-----------------+---------+-----+--------+-------+-----+
|Available        |      280|  220|  106400|  53200|    0|
+-----------------+---------+-----+--------+-------+-----+
|Utilization (%)  |        0|    0|      ~0|     ~0|    0|
+-----------------+---------+-----+--------+-------+-----+

+ Detail: 
    * Instance: 
    +----------------------------+-----------------------+---------+----+---+----+-----+
    |          Instance          |         Module        | BRAM_18K| DSP| FF| LUT| URAM|
    +----------------------------+-----------------------+---------+----+---+----+-----+
    |sparsemux_17_3_16_1_1_U134  |sparsemux_17_3_16_1_1  |        0|   0|  0|  42|    0|
    |sparsemux_17_3_16_1_1_U135  |sparsemux_17_3_16_1_1  |        0|   0|  0|  42|    0|
    |sparsemux_17_3_16_1_1_U136  |sparsemux_17_3_16_1_1  |        0|   0|  0|  42|    0|
    |sparsemux_17_3_16_1_1_U137  |sparsemux_17_3_16_1_1  |        0|   0|  0|  42|    0|
    |sparsemux_17_3_16_1_1_U138  |sparsemux_17_3_16_1_1  |        0|   0|  0|  42|    0|
    |sparsemux_17_3_16_1_1_U139  |sparsemux_17_3_16_1_1  |        0|   0|  0|  42|    0|
    |sparsemux_17_3_16_1_1_U140  |sparsemux_17_3_16_1_1  |        0|   0|  0|  42|    0|
    |sparsemux_17_3_16_1_1_U141  |sparsemux_17_3_16_1_1  |        0|   0|  0|  42|    0|
    |sparsemux_17_3_16_1_1_U142  |sparsemux_17_3_16_1_1  |        0|   0|  0|  42|    0|
    +----------------------------+-----------------------+---------+----+---+----+-----+
    |Total                       |                       |        0|   0|  0| 378|    0|
    +----------------------------+-----------------------+---------+----+---+----+-----+

    * DSP: 
    N/A

    * Memory: 
    N/A

    * FIFO: 
    N/A

    * Expression: 
    +---------------------------+----------+----+---+----+------------+------------+
    |       Variable Name       | Operation| DSP| FF| LUT| Bitwidth P0| Bitwidth P1|
    +---------------------------+----------+----+---+----+------------+------------+
    |add_ln160_1_fu_942_p2      |         +|   0|  0|  13|           4|           1|
    |add_ln160_fu_640_p2        |         +|   0|  0|  14|           7|           1|
    |add_ln161_fu_928_p2        |         +|   0|  0|  13|           4|           1|
    |ap_block_pp0_stage0_11001  |       and|   0|  0|   2|           1|           1|
    |icmp_ln160_fu_634_p2       |      icmp|   0|  0|  15|           7|           8|
    |icmp_ln161_fu_654_p2       |      icmp|   0|  0|  13|           4|           5|
    |select_ln160_1_fu_948_p3   |    select|   0|  0|   4|           1|           4|
    |select_ln160_fu_660_p3     |    select|   0|  0|   4|           1|           1|
    |ap_enable_pp0              |       xor|   0|  0|   2|           1|           2|
    +---------------------------+----------+----+---+----+------------+------------+
    |Total                      |          |   0|  0|  80|          30|          24|
    +---------------------------+----------+----+---+----+------------+------------+

    * Multiplexer: 
    +--------------------------------------+----+-----------+-----+-----------+
    |                 Name                 | LUT| Input Size| Bits| Total Bits|
    +--------------------------------------+----+-----------+-----+-----------+
    |ap_done_int                           |   9|          2|    1|          2|
    |ap_enable_reg_pp0_iter1               |   9|          2|    1|          2|
    |ap_sig_allocacmp_indvar_flatten_load  |   9|          2|    7|         14|
    |gmem2_blk_n_W                         |   9|          2|    1|          2|
    |i_fu_206                              |   9|          2|    4|          8|
    |indvar_flatten_fu_210                 |   9|          2|    7|         14|
    |j_fu_202                              |   9|          2|    4|          8|
    +--------------------------------------+----+-----------+-----+-----------+
    |Total                                 |  63|         14|   25|         50|
    +--------------------------------------+----+-----------+-----+-----------+

    * Register: 
    +----------------------------------+----+----+-----+-----------+
    |               Name               | FF | LUT| Bits| Const Bits|
    +----------------------------------+----+----+-----+-----------+
    |ap_CS_fsm                         |   1|   0|    1|          0|
    |ap_done_reg                       |   1|   0|    1|          0|
    |ap_enable_reg_pp0_iter1           |   1|   0|    1|          0|
    |ap_enable_reg_pp0_iter2           |   1|   0|    1|          0|
    |ap_enable_reg_pp0_iter3           |   1|   0|    1|          0|
    |ap_loop_exit_ready_pp0_iter1_reg  |   1|   0|    1|          0|
    |ap_loop_exit_ready_pp0_iter2_reg  |   1|   0|    1|          0|
    |i_fu_206                          |   4|   0|    4|          0|
    |icmp_ln161_reg_1352               |   1|   0|    1|          0|
    |indvar_flatten_fu_210             |   7|   0|    7|          0|
    |j_fu_202                          |   4|   0|    4|          0|
    |tmp_1_reg_1362                    |  16|   0|   16|          0|
    |tmp_2_reg_1367                    |  16|   0|   16|          0|
    |tmp_3_reg_1372                    |  16|   0|   16|          0|
    |tmp_4_reg_1377                    |  16|   0|   16|          0|
    |tmp_5_reg_1382                    |  16|   0|   16|          0|
    |tmp_6_reg_1387                    |  16|   0|   16|          0|
    |tmp_7_reg_1392                    |  16|   0|   16|          0|
    |tmp_8_reg_1397                    |  16|   0|   16|          0|
    |tmp_reg_1357                      |  16|   0|   16|          0|
    +----------------------------------+----+----+-----+-----------+
    |Total                             | 167|   0|  167|          0|
    +----------------------------------+----+----+-----+-----------+



================================================================
== Interface
================================================================
* Summary: 
+--------------------------+-----+-----+------------+----------------------------------------------------+--------------+
|         RTL Ports        | Dir | Bits|  Protocol  |                    Source Object                   |    C Type    |
+--------------------------+-----+-----+------------+----------------------------------------------------+--------------+
|ap_clk                    |   in|    1|  ap_ctrl_hs|  systolic_array_kernel_Pipeline_EXTRACT_I_EXTRACT_J|  return value|
|ap_rst                    |   in|    1|  ap_ctrl_hs|  systolic_array_kernel_Pipeline_EXTRACT_I_EXTRACT_J|  return value|
|ap_start                  |   in|    1|  ap_ctrl_hs|  systolic_array_kernel_Pipeline_EXTRACT_I_EXTRACT_J|  return value|
|ap_done                   |  out|    1|  ap_ctrl_hs|  systolic_array_kernel_Pipeline_EXTRACT_I_EXTRACT_J|  return value|
|ap_idle                   |  out|    1|  ap_ctrl_hs|  systolic_array_kernel_Pipeline_EXTRACT_I_EXTRACT_J|  return value|
|ap_ready                  |  out|    1|  ap_ctrl_hs|  systolic_array_kernel_Pipeline_EXTRACT_I_EXTRACT_J|  return value|
|m_axi_gmem2_0_AWVALID     |  out|    1|       m_axi|                                               gmem2|       pointer|
|m_axi_gmem2_0_AWREADY     |   in|    1|       m_axi|                                               gmem2|       pointer|
|m_axi_gmem2_0_AWADDR      |  out|   64|       m_axi|                                               gmem2|       pointer|
|m_axi_gmem2_0_AWID        |  out|    1|       m_axi|                                               gmem2|       pointer|
|m_axi_gmem2_0_AWLEN       |  out|   32|       m_axi|                                               gmem2|       pointer|
|m_axi_gmem2_0_AWSIZE      |  out|    3|       m_axi|                                               gmem2|       pointer|
|m_axi_gmem2_0_AWBURST     |  out|    2|       m_axi|                                               gmem2|       pointer|
|m_axi_gmem2_0_AWLOCK      |  out|    2|       m_axi|                                               gmem2|       pointer|
|m_axi_gmem2_0_AWCACHE     |  out|    4|       m_axi|                                               gmem2|       pointer|
|m_axi_gmem2_0_AWPROT      |  out|    3|       m_axi|                                               gmem2|       pointer|
|m_axi_gmem2_0_AWQOS       |  out|    4|       m_axi|                                               gmem2|       pointer|
|m_axi_gmem2_0_AWREGION    |  out|    4|       m_axi|                                               gmem2|       pointer|
|m_axi_gmem2_0_AWUSER      |  out|    1|       m_axi|                                               gmem2|       pointer|
|m_axi_gmem2_0_WVALID      |  out|    1|       m_axi|                                               gmem2|       pointer|
|m_axi_gmem2_0_WREADY      |   in|    1|       m_axi|                                               gmem2|       pointer|
|m_axi_gmem2_0_WDATA       |  out|   16|       m_axi|                                               gmem2|       pointer|
|m_axi_gmem2_0_WSTRB       |  out|    2|       m_axi|                                               gmem2|       pointer|
|m_axi_gmem2_0_WLAST       |  out|    1|       m_axi|                                               gmem2|       pointer|
|m_axi_gmem2_0_WID         |  out|    1|       m_axi|                                               gmem2|       pointer|
|m_axi_gmem2_0_WUSER       |  out|    1|       m_axi|                                               gmem2|       pointer|
|m_axi_gmem2_0_ARVALID     |  out|    1|       m_axi|                                               gmem2|       pointer|
|m_axi_gmem2_0_ARREADY     |   in|    1|       m_axi|                                               gmem2|       pointer|
|m_axi_gmem2_0_ARADDR      |  out|   64|       m_axi|                                               gmem2|       pointer|
|m_axi_gmem2_0_ARID        |  out|    1|       m_axi|                                               gmem2|       pointer|
|m_axi_gmem2_0_ARLEN       |  out|   32|       m_axi|                                               gmem2|       pointer|
|m_axi_gmem2_0_ARSIZE      |  out|    3|       m_axi|                                               gmem2|       pointer|
|m_axi_gmem2_0_ARBURST     |  out|    2|       m_axi|                                               gmem2|       pointer|
|m_axi_gmem2_0_ARLOCK      |  out|    2|       m_axi|                                               gmem2|       pointer|
|m_axi_gmem2_0_ARCACHE     |  out|    4|       m_axi|                                               gmem2|       pointer|
|m_axi_gmem2_0_ARPROT      |  out|    3|       m_axi|                                               gmem2|       pointer|
|m_axi_gmem2_0_ARQOS       |  out|    4|       m_axi|                                               gmem2|       pointer|
|m_axi_gmem2_0_ARREGION    |  out|    4|       m_axi|                                               gmem2|       pointer|
|m_axi_gmem2_0_ARUSER      |  out|    1|       m_axi|                                               gmem2|       pointer|
|m_axi_gmem2_0_RVALID      |   in|    1|       m_axi|                                               gmem2|       pointer|
|m_axi_gmem2_0_RREADY      |  out|    1|       m_axi|                                               gmem2|       pointer|
|m_axi_gmem2_0_RDATA       |   in|   16|       m_axi|                                               gmem2|       pointer|
|m_axi_gmem2_0_RLAST       |   in|    1|       m_axi|                                               gmem2|       pointer|
|m_axi_gmem2_0_RID         |   in|    1|       m_axi|                                               gmem2|       pointer|
|m_axi_gmem2_0_RFIFONUM    |   in|   10|       m_axi|                                               gmem2|       pointer|
|m_axi_gmem2_0_RUSER       |   in|    1|       m_axi|                                               gmem2|       pointer|
|m_axi_gmem2_0_RRESP       |   in|    2|       m_axi|                                               gmem2|       pointer|
|m_axi_gmem2_0_BVALID      |   in|    1|       m_axi|                                               gmem2|       pointer|
|m_axi_gmem2_0_BREADY      |  out|    1|       m_axi|                                               gmem2|       pointer|
|m_axi_gmem2_0_BRESP       |   in|    2|       m_axi|                                               gmem2|       pointer|
|m_axi_gmem2_0_BID         |   in|    1|       m_axi|                                               gmem2|       pointer|
|m_axi_gmem2_0_BUSER       |   in|    1|       m_axi|                                               gmem2|       pointer|
|sext_ln160                |   in|   63|     ap_none|                                          sext_ln160|        scalar|
|conv3_i_i290_reload       |   in|   16|     ap_none|                                 conv3_i_i290_reload|        scalar|
|conv3_i_i_1159292_reload  |   in|   16|     ap_none|                            conv3_i_i_1159292_reload|        scalar|
|conv3_i_i_2169294_reload  |   in|   16|     ap_none|                            conv3_i_i_2169294_reload|        scalar|
|conv3_i_i_3179296_reload  |   in|   16|     ap_none|                            conv3_i_i_3179296_reload|        scalar|
|conv3_i_i_4189298_reload  |   in|   16|     ap_none|                            conv3_i_i_4189298_reload|        scalar|
|conv3_i_i_5199300_reload  |   in|   16|     ap_none|                            conv3_i_i_5199300_reload|        scalar|
|conv3_i_i_6209302_reload  |   in|   16|     ap_none|                            conv3_i_i_6209302_reload|        scalar|
|conv3_i_i_7219304_reload  |   in|   16|     ap_none|                            conv3_i_i_7219304_reload|        scalar|
|conv3_i_i_1306_reload     |   in|   16|     ap_none|                               conv3_i_i_1306_reload|        scalar|
|conv3_i_i_1_1309_reload   |   in|   16|     ap_none|                             conv3_i_i_1_1309_reload|        scalar|
|conv3_i_i_1_2312_reload   |   in|   16|     ap_none|                             conv3_i_i_1_2312_reload|        scalar|
|conv3_i_i_1_3315_reload   |   in|   16|     ap_none|                             conv3_i_i_1_3315_reload|        scalar|
|conv3_i_i_1_4318_reload   |   in|   16|     ap_none|                             conv3_i_i_1_4318_reload|        scalar|
|conv3_i_i_1_5321_reload   |   in|   16|     ap_none|                             conv3_i_i_1_5321_reload|        scalar|
|conv3_i_i_1_6324_reload   |   in|   16|     ap_none|                             conv3_i_i_1_6324_reload|        scalar|
|conv3_i_i_1_7327_reload   |   in|   16|     ap_none|                             conv3_i_i_1_7327_reload|        scalar|
|conv3_i_i_2329_reload     |   in|   16|     ap_none|                               conv3_i_i_2329_reload|        scalar|
|conv3_i_i_2_1332_reload   |   in|   16|     ap_none|                             conv3_i_i_2_1332_reload|        scalar|
|conv3_i_i_2_2335_reload   |   in|   16|     ap_none|                             conv3_i_i_2_2335_reload|        scalar|
|conv3_i_i_2_3338_reload   |   in|   16|     ap_none|                             conv3_i_i_2_3338_reload|        scalar|
|conv3_i_i_2_4341_reload   |   in|   16|     ap_none|                             conv3_i_i_2_4341_reload|        scalar|
|conv3_i_i_2_5344_reload   |   in|   16|     ap_none|                             conv3_i_i_2_5344_reload|        scalar|
|conv3_i_i_2_6347_reload   |   in|   16|     ap_none|                             conv3_i_i_2_6347_reload|        scalar|
|conv3_i_i_2_7350_reload   |   in|   16|     ap_none|                             conv3_i_i_2_7350_reload|        scalar|
|conv3_i_i_3352_reload     |   in|   16|     ap_none|                               conv3_i_i_3352_reload|        scalar|
|conv3_i_i_3_1355_reload   |   in|   16|     ap_none|                             conv3_i_i_3_1355_reload|        scalar|
|conv3_i_i_3_2358_reload   |   in|   16|     ap_none|                             conv3_i_i_3_2358_reload|        scalar|
|conv3_i_i_3_3361_reload   |   in|   16|     ap_none|                             conv3_i_i_3_3361_reload|        scalar|
|conv3_i_i_3_4364_reload   |   in|   16|     ap_none|                             conv3_i_i_3_4364_reload|        scalar|
|conv3_i_i_3_5367_reload   |   in|   16|     ap_none|                             conv3_i_i_3_5367_reload|        scalar|
|conv3_i_i_3_6370_reload   |   in|   16|     ap_none|                             conv3_i_i_3_6370_reload|        scalar|
|conv3_i_i_3_7373_reload   |   in|   16|     ap_none|                             conv3_i_i_3_7373_reload|        scalar|
|conv3_i_i_4375_reload     |   in|   16|     ap_none|                               conv3_i_i_4375_reload|        scalar|
|conv3_i_i_4_1378_reload   |   in|   16|     ap_none|                             conv3_i_i_4_1378_reload|        scalar|
|conv3_i_i_4_2381_reload   |   in|   16|     ap_none|                             conv3_i_i_4_2381_reload|        scalar|
|conv3_i_i_4_3384_reload   |   in|   16|     ap_none|                             conv3_i_i_4_3384_reload|        scalar|
|conv3_i_i_4_4387_reload   |   in|   16|     ap_none|                             conv3_i_i_4_4387_reload|        scalar|
|conv3_i_i_4_5390_reload   |   in|   16|     ap_none|                             conv3_i_i_4_5390_reload|        scalar|
|conv3_i_i_4_6393_reload   |   in|   16|     ap_none|                             conv3_i_i_4_6393_reload|        scalar|
|conv3_i_i_4_7396_reload   |   in|   16|     ap_none|                             conv3_i_i_4_7396_reload|        scalar|
|conv3_i_i_5398_reload     |   in|   16|     ap_none|                               conv3_i_i_5398_reload|        scalar|
|conv3_i_i_5_1401_reload   |   in|   16|     ap_none|                             conv3_i_i_5_1401_reload|        scalar|
|conv3_i_i_5_2404_reload   |   in|   16|     ap_none|                             conv3_i_i_5_2404_reload|        scalar|
|conv3_i_i_5_3407_reload   |   in|   16|     ap_none|                             conv3_i_i_5_3407_reload|        scalar|
|conv3_i_i_5_4410_reload   |   in|   16|     ap_none|                             conv3_i_i_5_4410_reload|        scalar|
|conv3_i_i_5_5413_reload   |   in|   16|     ap_none|                             conv3_i_i_5_5413_reload|        scalar|
|conv3_i_i_5_6416_reload   |   in|   16|     ap_none|                             conv3_i_i_5_6416_reload|        scalar|
|conv3_i_i_5_7419_reload   |   in|   16|     ap_none|                             conv3_i_i_5_7419_reload|        scalar|
|conv3_i_i_6421_reload     |   in|   16|     ap_none|                               conv3_i_i_6421_reload|        scalar|
|conv3_i_i_6_1424_reload   |   in|   16|     ap_none|                             conv3_i_i_6_1424_reload|        scalar|
|conv3_i_i_6_2427_reload   |   in|   16|     ap_none|                             conv3_i_i_6_2427_reload|        scalar|
|conv3_i_i_6_3430_reload   |   in|   16|     ap_none|                             conv3_i_i_6_3430_reload|        scalar|
|conv3_i_i_6_4433_reload   |   in|   16|     ap_none|                             conv3_i_i_6_4433_reload|        scalar|
|conv3_i_i_6_5436_reload   |   in|   16|     ap_none|                             conv3_i_i_6_5436_reload|        scalar|
|conv3_i_i_6_6439_reload   |   in|   16|     ap_none|                             conv3_i_i_6_6439_reload|        scalar|
|conv3_i_i_6_7442_reload   |   in|   16|     ap_none|                             conv3_i_i_6_7442_reload|        scalar|
|conv3_i_i_7444_reload     |   in|   16|     ap_none|                               conv3_i_i_7444_reload|        scalar|
|conv3_i_i_7_1447_reload   |   in|   16|     ap_none|                             conv3_i_i_7_1447_reload|        scalar|
|conv3_i_i_7_2450_reload   |   in|   16|     ap_none|                             conv3_i_i_7_2450_reload|        scalar|
|conv3_i_i_7_3453_reload   |   in|   16|     ap_none|                             conv3_i_i_7_3453_reload|        scalar|
|conv3_i_i_7_4456_reload   |   in|   16|     ap_none|                             conv3_i_i_7_4456_reload|        scalar|
|conv3_i_i_7_5459_reload   |   in|   16|     ap_none|                             conv3_i_i_7_5459_reload|        scalar|
|conv3_i_i_7_6462_reload   |   in|   16|     ap_none|                             conv3_i_i_7_6462_reload|        scalar|
|conv3_i_i_7_7465_reload   |   in|   16|     ap_none|                             conv3_i_i_7_7465_reload|        scalar|
+--------------------------+-----+-----+------------+----------------------------------------------------+--------------+

