

================================================================
== Vitis HLS Report for 'systolic_array_kernel_Pipeline_CYCLE'
================================================================
* Date:           Thu Feb 12 07:52:12 2026

* Version:        2025.1 (Build 6135595 on May 21 2025)
* Project:        sys_component
* Solution:       hls (Vivado IP Flow Target)
* Product family: zynq
* Target device:  xc7z020-clg484-1


================================================================
== Performance Estimates
================================================================
+ Timing: 
    * Summary: 
    +--------+----------+----------+------------+
    |  Clock |  Target  | Estimated| Uncertainty|
    +--------+----------+----------+------------+
    |ap_clk  |  10.00 ns|  7.300 ns|     2.70 ns|
    +--------+----------+----------+------------+

+ Latency: 
    * Summary: 
    +---------+---------+----------+----------+-----+-----+------------------------------------------------+
    |  Latency (cycles) |  Latency (absolute) |  Interval |                    Pipeline                    |
    |   min   |   max   |    min   |    max   | min | max |                      Type                      |
    +---------+---------+----------+----------+-----+-----+------------------------------------------------+
    |      196|      196|  1.960 us|  1.960 us|  184|  184|  loop auto-rewind stp (delay=0 clock cycles(s))|
    +---------+---------+----------+----------+-----+-----+------------------------------------------------+

    + Detail: 
        * Instance: 
        N/A

        * Loop: 
        +----------+---------+---------+----------+-----------+-----------+------+----------+
        |          |  Latency (cycles) | Iteration|  Initiation Interval  | Trip |          |
        | Loop Name|   min   |   max   |  Latency |  achieved |   target  | Count| Pipelined|
        +----------+---------+---------+----------+-----------+-----------+------+----------+
        |- CYCLE   |      194|      194|        27|          8|          1|    22|       yes|
        +----------+---------+---------+----------+-----------+-----------+------+----------+



================================================================
== Utilization Estimates
================================================================
* Summary: 
+-----------------+---------+-----+--------+-------+-----+
|       Name      | BRAM_18K| DSP |   FF   |  LUT  | URAM|
+-----------------+---------+-----+--------+-------+-----+
|DSP              |        -|   64|       -|      -|    -|
|Expression       |        -|    -|       0|   1499|    -|
|FIFO             |        -|    -|       -|      -|    -|
|Instance         |        -|    -|       -|      -|    -|
|Memory           |        -|    -|       -|      -|    -|
|Multiplexer      |        -|    -|       0|   2061|    -|
|Register         |        -|    -|    5527|    288|    -|
+-----------------+---------+-----+--------+-------+-----+
|Total            |        0|   64|    5527|   3848|    0|
+-----------------+---------+-----+--------+-------+-----+
|Available        |      280|  220|  106400|  53200|    0|
+-----------------+---------+-----+--------+-------+-----+
|Utilization (%)  |        0|   29|       5|      7|    0|
+-----------------+---------+-----+--------+-------+-----+

+ Detail: 
    * Instance: 
    N/A

    * DSP: 
    +------------------------------------+--------------------------------+--------------+
    |              Instance              |             Module             |  Expression  |
    +------------------------------------+--------------------------------+--------------+
    |mac_muladd_16s_16s_16ns_16_4_1_U1   |mac_muladd_16s_16s_16ns_16_4_1  |  i0 * i1 + i2|
    |mac_muladd_16s_16s_16ns_16_4_1_U2   |mac_muladd_16s_16s_16ns_16_4_1  |  i0 * i1 + i2|
    |mac_muladd_16s_16s_16ns_16_4_1_U3   |mac_muladd_16s_16s_16ns_16_4_1  |  i0 * i1 + i2|
    |mac_muladd_16s_16s_16ns_16_4_1_U4   |mac_muladd_16s_16s_16ns_16_4_1  |  i0 * i1 + i2|
    |mac_muladd_16s_16s_16ns_16_4_1_U5   |mac_muladd_16s_16s_16ns_16_4_1  |  i0 * i1 + i2|
    |mac_muladd_16s_16s_16ns_16_4_1_U6   |mac_muladd_16s_16s_16ns_16_4_1  |  i0 * i1 + i2|
    |mac_muladd_16s_16s_16ns_16_4_1_U7   |mac_muladd_16s_16s_16ns_16_4_1  |  i0 * i1 + i2|
    |mac_muladd_16s_16s_16ns_16_4_1_U8   |mac_muladd_16s_16s_16ns_16_4_1  |  i0 * i1 + i2|
    |mac_muladd_16s_16s_16ns_16_4_1_U9   |mac_muladd_16s_16s_16ns_16_4_1  |  i0 * i1 + i2|
    |mac_muladd_16s_16s_16ns_16_4_1_U10  |mac_muladd_16s_16s_16ns_16_4_1  |  i0 * i1 + i2|
    |mac_muladd_16s_16s_16ns_16_4_1_U11  |mac_muladd_16s_16s_16ns_16_4_1  |  i0 * i1 + i2|
    |mac_muladd_16s_16s_16ns_16_4_1_U12  |mac_muladd_16s_16s_16ns_16_4_1  |  i0 * i1 + i2|
    |mac_muladd_16s_16s_16ns_16_4_1_U13  |mac_muladd_16s_16s_16ns_16_4_1  |  i0 * i1 + i2|
    |mac_muladd_16s_16s_16ns_16_4_1_U14  |mac_muladd_16s_16s_16ns_16_4_1  |  i0 * i1 + i2|
    |mac_muladd_16s_16s_16ns_16_4_1_U15  |mac_muladd_16s_16s_16ns_16_4_1  |  i0 * i1 + i2|
    |mac_muladd_16s_16s_16ns_16_4_1_U16  |mac_muladd_16s_16s_16ns_16_4_1  |  i0 * i1 + i2|
    |mac_muladd_16s_16s_16ns_16_4_1_U17  |mac_muladd_16s_16s_16ns_16_4_1  |  i0 * i1 + i2|
    |mac_muladd_16s_16s_16ns_16_4_1_U18  |mac_muladd_16s_16s_16ns_16_4_1  |  i0 * i1 + i2|
    |mac_muladd_16s_16s_16ns_16_4_1_U19  |mac_muladd_16s_16s_16ns_16_4_1  |  i0 * i1 + i2|
    |mac_muladd_16s_16s_16ns_16_4_1_U20  |mac_muladd_16s_16s_16ns_16_4_1  |  i0 * i1 + i2|
    |mac_muladd_16s_16s_16ns_16_4_1_U21  |mac_muladd_16s_16s_16ns_16_4_1  |  i0 * i1 + i2|
    |mac_muladd_16s_16s_16ns_16_4_1_U22  |mac_muladd_16s_16s_16ns_16_4_1  |  i0 * i1 + i2|
    |mac_muladd_16s_16s_16ns_16_4_1_U23  |mac_muladd_16s_16s_16ns_16_4_1  |  i0 * i1 + i2|
    |mac_muladd_16s_16s_16ns_16_4_1_U24  |mac_muladd_16s_16s_16ns_16_4_1  |  i0 * i1 + i2|
    |mac_muladd_16s_16s_16ns_16_4_1_U25  |mac_muladd_16s_16s_16ns_16_4_1  |  i0 * i1 + i2|
    |mac_muladd_16s_16s_16ns_16_4_1_U26  |mac_muladd_16s_16s_16ns_16_4_1  |  i0 * i1 + i2|
    |mac_muladd_16s_16s_16ns_16_4_1_U27  |mac_muladd_16s_16s_16ns_16_4_1  |  i0 * i1 + i2|
    |mac_muladd_16s_16s_16ns_16_4_1_U28  |mac_muladd_16s_16s_16ns_16_4_1  |  i0 * i1 + i2|
    |mac_muladd_16s_16s_16ns_16_4_1_U29  |mac_muladd_16s_16s_16ns_16_4_1  |  i0 * i1 + i2|
    |mac_muladd_16s_16s_16ns_16_4_1_U30  |mac_muladd_16s_16s_16ns_16_4_1  |  i0 * i1 + i2|
    |mac_muladd_16s_16s_16ns_16_4_1_U31  |mac_muladd_16s_16s_16ns_16_4_1  |  i0 * i1 + i2|
    |mac_muladd_16s_16s_16ns_16_4_1_U32  |mac_muladd_16s_16s_16ns_16_4_1  |  i0 * i1 + i2|
    |mac_muladd_16s_16s_16ns_16_4_1_U33  |mac_muladd_16s_16s_16ns_16_4_1  |  i0 * i1 + i2|
    |mac_muladd_16s_16s_16ns_16_4_1_U34  |mac_muladd_16s_16s_16ns_16_4_1  |  i0 * i1 + i2|
    |mac_muladd_16s_16s_16ns_16_4_1_U35  |mac_muladd_16s_16s_16ns_16_4_1  |  i0 * i1 + i2|
    |mac_muladd_16s_16s_16ns_16_4_1_U36  |mac_muladd_16s_16s_16ns_16_4_1  |  i0 * i1 + i2|
    |mac_muladd_16s_16s_16ns_16_4_1_U37  |mac_muladd_16s_16s_16ns_16_4_1  |  i0 * i1 + i2|
    |mac_muladd_16s_16s_16ns_16_4_1_U38  |mac_muladd_16s_16s_16ns_16_4_1  |  i0 * i1 + i2|
    |mac_muladd_16s_16s_16ns_16_4_1_U39  |mac_muladd_16s_16s_16ns_16_4_1  |  i0 * i1 + i2|
    |mac_muladd_16s_16s_16ns_16_4_1_U40  |mac_muladd_16s_16s_16ns_16_4_1  |  i0 * i1 + i2|
    |mac_muladd_16s_16s_16ns_16_4_1_U41  |mac_muladd_16s_16s_16ns_16_4_1  |  i0 * i1 + i2|
    |mac_muladd_16s_16s_16ns_16_4_1_U42  |mac_muladd_16s_16s_16ns_16_4_1  |  i0 * i1 + i2|
    |mac_muladd_16s_16s_16ns_16_4_1_U43  |mac_muladd_16s_16s_16ns_16_4_1  |  i0 * i1 + i2|
    |mac_muladd_16s_16s_16ns_16_4_1_U44  |mac_muladd_16s_16s_16ns_16_4_1  |  i0 * i1 + i2|
    |mac_muladd_16s_16s_16ns_16_4_1_U45  |mac_muladd_16s_16s_16ns_16_4_1  |  i0 * i1 + i2|
    |mac_muladd_16s_16s_16ns_16_4_1_U46  |mac_muladd_16s_16s_16ns_16_4_1  |  i0 * i1 + i2|
    |mac_muladd_16s_16s_16ns_16_4_1_U47  |mac_muladd_16s_16s_16ns_16_4_1  |  i0 * i1 + i2|
    |mac_muladd_16s_16s_16ns_16_4_1_U48  |mac_muladd_16s_16s_16ns_16_4_1  |  i0 * i1 + i2|
    |mac_muladd_16s_16s_16ns_16_4_1_U49  |mac_muladd_16s_16s_16ns_16_4_1  |  i0 * i1 + i2|
    |mac_muladd_16s_16s_16ns_16_4_1_U50  |mac_muladd_16s_16s_16ns_16_4_1  |  i0 * i1 + i2|
    |mac_muladd_16s_16s_16ns_16_4_1_U51  |mac_muladd_16s_16s_16ns_16_4_1  |  i0 * i1 + i2|
    |mac_muladd_16s_16s_16ns_16_4_1_U52  |mac_muladd_16s_16s_16ns_16_4_1  |  i0 * i1 + i2|
    |mac_muladd_16s_16s_16ns_16_4_1_U53  |mac_muladd_16s_16s_16ns_16_4_1  |  i0 * i1 + i2|
    |mac_muladd_16s_16s_16ns_16_4_1_U54  |mac_muladd_16s_16s_16ns_16_4_1  |  i0 * i1 + i2|
    |mac_muladd_16s_16s_16ns_16_4_1_U55  |mac_muladd_16s_16s_16ns_16_4_1  |  i0 * i1 + i2|
    |mac_muladd_16s_16s_16ns_16_4_1_U56  |mac_muladd_16s_16s_16ns_16_4_1  |  i0 * i1 + i2|
    |mac_muladd_16s_16s_16ns_16_4_1_U57  |mac_muladd_16s_16s_16ns_16_4_1  |  i0 * i1 + i2|
    |mac_muladd_16s_16s_16ns_16_4_1_U58  |mac_muladd_16s_16s_16ns_16_4_1  |  i0 * i1 + i2|
    |mac_muladd_16s_16s_16ns_16_4_1_U59  |mac_muladd_16s_16s_16ns_16_4_1  |  i0 * i1 + i2|
    |mac_muladd_16s_16s_16ns_16_4_1_U60  |mac_muladd_16s_16s_16ns_16_4_1  |  i0 * i1 + i2|
    |mac_muladd_16s_16s_16ns_16_4_1_U61  |mac_muladd_16s_16s_16ns_16_4_1  |  i0 * i1 + i2|
    |mac_muladd_16s_16s_16ns_16_4_1_U62  |mac_muladd_16s_16s_16ns_16_4_1  |  i0 * i1 + i2|
    |mac_muladd_16s_16s_16ns_16_4_1_U63  |mac_muladd_16s_16s_16ns_16_4_1  |  i0 * i1 + i2|
    |mac_muladd_16s_16s_16ns_16_4_1_U64  |mac_muladd_16s_16s_16ns_16_4_1  |  i0 * i1 + i2|
    +------------------------------------+--------------------------------+--------------+

    * Memory: 
    N/A

    * FIFO: 
    N/A

    * Expression: 
    +-----------------------------------------+----------+----+---+----+------------+------------+
    |              Variable Name              | Operation| DSP| FF| LUT| Bitwidth P0| Bitwidth P1|
    +-----------------------------------------+----------+----+---+----+------------+------------+
    |add_ln67_fu_2607_p2                      |         +|   0|  0|  13|           5|           1|
    |add_ln78_1_fu_3021_p2                    |         +|   0|  0|  14|           6|           3|
    |add_ln78_2_fu_3267_p2                    |         +|   0|  0|  14|           6|           3|
    |add_ln78_3_fu_3555_p2                    |         +|   0|  0|  14|           6|           4|
    |add_ln78_4_fu_3776_p2                    |         +|   0|  0|  14|           6|           4|
    |add_ln78_5_fu_3959_p2                    |         +|   0|  0|  13|           5|           4|
    |add_ln78_6_fu_4037_p2                    |         +|   0|  0|  13|           5|           4|
    |add_ln78_fu_2825_p2                      |         +|   0|  0|  14|           6|           2|
    |add_ln81_1_fu_2865_p2                    |         +|   0|  0|  71|          64|          64|
    |add_ln81_2_fu_3070_p2                    |         +|   0|  0|  71|          64|          64|
    |add_ln81_3_fu_3310_p2                    |         +|   0|  0|  71|          64|          64|
    |add_ln81_4_fu_3604_p2                    |         +|   0|  0|  71|          64|          64|
    |add_ln81_5_fu_3815_p2                    |         +|   0|  0|  71|          64|          64|
    |add_ln81_6_fu_4012_p2                    |         +|   0|  0|  71|          64|          64|
    |add_ln81_7_fu_4080_p2                    |         +|   0|  0|  71|          64|          64|
    |add_ln81_fu_2639_p2                      |         +|   0|  0|  71|          64|          64|
    |add_ln94_1_fu_2906_p2                    |         +|   0|  0|  71|          64|          64|
    |add_ln94_2_fu_3111_p2                    |         +|   0|  0|  71|          64|          64|
    |add_ln94_3_fu_3351_p2                    |         +|   0|  0|  71|          64|          64|
    |add_ln94_4_fu_3645_p2                    |         +|   0|  0|  71|          64|          64|
    |add_ln94_5_fu_3856_p2                    |         +|   0|  0|  71|          64|          64|
    |add_ln94_6_fu_4121_p2                    |         +|   0|  0|  71|          64|          64|
    |add_ln94_7_fu_4162_p2                    |         +|   0|  0|  71|          64|          64|
    |add_ln94_fu_2680_p2                      |         +|   0|  0|  71|          64|          64|
    |ap_block_pp0_stage0_11001_grp13          |       and|   0|  0|   2|           1|           1|
    |ap_block_pp0_stage0_11001_grp14          |       and|   0|  0|   2|           1|           1|
    |ap_block_pp0_stage0_11001_grp29          |       and|   0|  0|   2|           1|           1|
    |ap_block_pp0_stage0_11001_grp30          |       and|   0|  0|   2|           1|           1|
    |ap_block_pp0_stage1_11001_grp15          |       and|   0|  0|   2|           1|           1|
    |ap_block_pp0_stage1_11001_grp16          |       and|   0|  0|   2|           1|           1|
    |ap_block_pp0_stage2_11001_grp1           |       and|   0|  0|   2|           1|           1|
    |ap_block_pp0_stage2_11001_grp17          |       and|   0|  0|   2|           1|           1|
    |ap_block_pp0_stage2_11001_grp18          |       and|   0|  0|   2|           1|           1|
    |ap_block_pp0_stage3_11001_grp19          |       and|   0|  0|   2|           1|           1|
    |ap_block_pp0_stage3_11001_grp20          |       and|   0|  0|   2|           1|           1|
    |ap_block_pp0_stage3_11001_grp3           |       and|   0|  0|   2|           1|           1|
    |ap_block_pp0_stage4_11001_grp21          |       and|   0|  0|   2|           1|           1|
    |ap_block_pp0_stage4_11001_grp22          |       and|   0|  0|   2|           1|           1|
    |ap_block_pp0_stage4_11001_grp5           |       and|   0|  0|   2|           1|           1|
    |ap_block_pp0_stage5_11001_grp23          |       and|   0|  0|   2|           1|           1|
    |ap_block_pp0_stage5_11001_grp24          |       and|   0|  0|   2|           1|           1|
    |ap_block_pp0_stage5_11001_grp7           |       and|   0|  0|   2|           1|           1|
    |ap_block_pp0_stage6_11001_grp25          |       and|   0|  0|   2|           1|           1|
    |ap_block_pp0_stage6_11001_grp26          |       and|   0|  0|   2|           1|           1|
    |ap_block_pp0_stage6_11001_grp9           |       and|   0|  0|   2|           1|           1|
    |ap_block_pp0_stage7_11001_grp11          |       and|   0|  0|   2|           1|           1|
    |ap_block_pp0_stage7_11001_grp27          |       and|   0|  0|   2|           1|           1|
    |ap_block_pp0_stage7_11001_grp28          |       and|   0|  0|   2|           1|           1|
    |ap_block_state10_io_grp15                |       and|   0|  0|   2|           1|           1|
    |ap_block_state10_io_grp16                |       and|   0|  0|   2|           1|           1|
    |ap_block_state11_pp0_stage2_iter1_grp17  |       and|   0|  0|   2|           1|           1|
    |ap_block_state11_pp0_stage2_iter1_grp18  |       and|   0|  0|   2|           1|           1|
    |ap_block_state12_pp0_stage3_iter1_grp19  |       and|   0|  0|   2|           1|           1|
    |ap_block_state12_pp0_stage3_iter1_grp20  |       and|   0|  0|   2|           1|           1|
    |ap_block_state13_pp0_stage4_iter1_grp21  |       and|   0|  0|   2|           1|           1|
    |ap_block_state13_pp0_stage4_iter1_grp22  |       and|   0|  0|   2|           1|           1|
    |ap_block_state14_pp0_stage5_iter1_grp23  |       and|   0|  0|   2|           1|           1|
    |ap_block_state14_pp0_stage5_iter1_grp24  |       and|   0|  0|   2|           1|           1|
    |ap_block_state15_pp0_stage6_iter1_grp25  |       and|   0|  0|   2|           1|           1|
    |ap_block_state15_pp0_stage6_iter1_grp26  |       and|   0|  0|   2|           1|           1|
    |ap_block_state16_pp0_stage7_iter1_grp27  |       and|   0|  0|   2|           1|           1|
    |ap_block_state16_pp0_stage7_iter1_grp28  |       and|   0|  0|   2|           1|           1|
    |ap_block_state17_pp0_stage0_iter2_grp29  |       and|   0|  0|   2|           1|           1|
    |ap_block_state17_pp0_stage0_iter2_grp30  |       and|   0|  0|   2|           1|           1|
    |ap_block_state9_io_grp13                 |       and|   0|  0|   2|           1|           1|
    |ap_block_state9_io_grp14                 |       and|   0|  0|   2|           1|           1|
    |ap_condition_2046                        |       and|   0|  0|   2|           1|           1|
    |ap_condition_4040                        |       and|   0|  0|   2|           1|           1|
    |ap_condition_4045                        |       and|   0|  0|   2|           1|           1|
    |ap_condition_983                         |       and|   0|  0|   2|           1|           1|
    |ap_predicate_op1014_readreq_state9       |       and|   0|  0|   2|           1|           1|
    |ap_predicate_op1053_readreq_state10      |       and|   0|  0|   2|           1|           1|
    |ap_predicate_op1074_read_state11         |       and|   0|  0|   2|           1|           1|
    |ap_predicate_op1101_read_state12         |       and|   0|  0|   2|           1|           1|
    |ap_predicate_op1127_read_state13         |       and|   0|  0|   2|           1|           1|
    |ap_predicate_op1156_read_state14         |       and|   0|  0|   2|           1|           1|
    |ap_predicate_op1183_read_state15         |       and|   0|  0|   2|           1|           1|
    |ap_predicate_op1218_read_state16         |       and|   0|  0|   2|           1|           1|
    |ap_predicate_op1261_read_state17         |       and|   0|  0|   2|           1|           1|
    |ap_predicate_op1308_read_state18         |       and|   0|  0|   2|           1|           1|
    |ap_predicate_op464_readreq_state3        |       and|   0|  0|   2|           1|           1|
    |ap_predicate_op526_readreq_state4        |       and|   0|  0|   2|           1|           1|
    |ap_predicate_op620_readreq_state5        |       and|   0|  0|   2|           1|           1|
    |ap_predicate_op736_readreq_state6        |       and|   0|  0|   2|           1|           1|
    |ap_predicate_op831_readreq_state7        |       and|   0|  0|   2|           1|           1|
    |ap_predicate_op914_readreq_state8        |       and|   0|  0|   2|           1|           1|
    |icmp_ln67_fu_2601_p2                     |      icmp|   0|  0|  13|           5|           5|
    |icmp_ln80_1_fu_2841_p2                   |      icmp|   0|  0|  11|           3|           1|
    |icmp_ln80_2_fu_3036_p2                   |      icmp|   0|  0|  11|           3|           1|
    |icmp_ln80_3_fu_3282_p2                   |      icmp|   0|  0|  11|           3|           1|
    |icmp_ln80_4_fu_3570_p2                   |      icmp|   0|  0|  11|           3|           1|
    |icmp_ln80_5_fu_3791_p2                   |      icmp|   0|  0|  11|           3|           1|
    |icmp_ln80_6_fu_3974_p2                   |      icmp|   0|  0|  10|           2|           1|
    |icmp_ln80_7_fu_4052_p2                   |      icmp|   0|  0|  10|           2|           1|
    |icmp_ln80_fu_2623_p2                     |      icmp|   0|  0|  10|           2|           1|
    |ap_block_pp0_stage0_11001                |        or|   0|  0|   2|           1|           1|
    |ap_block_pp0_stage1_11001                |        or|   0|  0|   2|           1|           1|
    |ap_block_pp0_stage2_11001                |        or|   0|  0|   2|           1|           1|
    |ap_block_pp0_stage3_11001                |        or|   0|  0|   2|           1|           1|
    |ap_block_pp0_stage4_subdone              |        or|   0|  0|   2|           1|           1|
    |ap_block_pp0_stage5_subdone              |        or|   0|  0|   2|           1|           1|
    |ap_block_pp0_stage6_subdone              |        or|   0|  0|   2|           1|           1|
    |ap_block_pp0_stage7_11001                |        or|   0|  0|   2|           1|           1|
    |ap_block_state18_pp0_stage1_iter2        |        or|   0|  0|   2|           1|           1|
    |ap_block_state3_io_grp1                  |        or|   0|  0|   2|           1|           1|
    |ap_block_state4_io_grp3                  |        or|   0|  0|   2|           1|           1|
    |ap_block_state5_io_grp5                  |        or|   0|  0|   2|           1|           1|
    |ap_block_state6_io_grp7                  |        or|   0|  0|   2|           1|           1|
    |ap_block_state7_io_grp9                  |        or|   0|  0|   2|           1|           1|
    |ap_block_state8_io_grp11                 |        or|   0|  0|   2|           1|           1|
    |ap_enable_pp0                            |       xor|   0|  0|   2|           1|           2|
    +-----------------------------------------+----------+----+---+----+------------+------------+
    |Total                                    |          |   0|  0|1499|        1173|        1141|
    +-----------------------------------------+----------+----+---+----+------------+------------+

    * Multiplexer: 
    +---------------------------------------+----+-----------+-----+-----------+
    |                  Name                 | LUT| Input Size| Bits| Total Bits|
    +---------------------------------------+----+-----------+-----+-----------+
    |a_in_10_fu_408                         |   9|          2|   16|         32|
    |a_in_11_fu_420                         |   9|          2|   16|         32|
    |a_in_12_fu_436                         |   9|          2|   16|         32|
    |a_in_13_fu_456                         |   9|          2|   16|         32|
    |a_in_14_fu_476                         |   9|          2|   16|         32|
    |a_in_15_fu_496                         |   9|          2|   16|         32|
    |a_in_16_fu_512                         |   9|          2|   16|         32|
    |a_in_17_fu_524                         |   9|          2|   16|         32|
    |a_in_18_fu_536                         |   9|          2|   16|         32|
    |a_in_19_fu_548                         |   9|          2|   16|         32|
    |a_in_1_fu_268                          |   9|          2|   16|         32|
    |a_in_20_fu_564                         |   9|          2|   16|         32|
    |a_in_21_fu_584                         |   9|          2|   16|         32|
    |a_in_22_fu_604                         |   9|          2|   16|         32|
    |a_in_23_fu_624                         |   9|          2|   16|         32|
    |a_in_24_fu_640                         |   9|          2|   16|         32|
    |a_in_25_fu_652                         |   9|          2|   16|         32|
    |a_in_26_fu_664                         |   9|          2|   16|         32|
    |a_in_27_fu_676                         |   9|          2|   16|         32|
    |a_in_28_fu_692                         |   9|          2|   16|         32|
    |a_in_29_fu_712                         |   9|          2|   16|         32|
    |a_in_2_fu_280                          |   9|          2|   16|         32|
    |a_in_30_fu_732                         |   9|          2|   16|         32|
    |a_in_31_fu_752                         |   9|          2|   16|         32|
    |a_in_32_fu_768                         |   9|          2|   16|         32|
    |a_in_33_fu_772                         |   9|          2|   16|         32|
    |a_in_34_fu_776                         |   9|          2|   16|         32|
    |a_in_35_fu_780                         |   9|          2|   16|         32|
    |a_in_36_fu_784                         |   9|          2|   16|         32|
    |a_in_37_fu_788                         |   9|          2|   16|         32|
    |a_in_38_fu_800                         |   9|          2|   16|         32|
    |a_in_39_fu_812                         |   9|          2|   16|         32|
    |a_in_3_fu_292                          |   9|          2|   16|         32|
    |a_in_40_fu_824                         |   9|          2|   16|         32|
    |a_in_41_fu_836                         |   9|          2|   16|         32|
    |a_in_42_fu_840                         |   9|          2|   16|         32|
    |a_in_43_fu_844                         |   9|          2|   16|         32|
    |a_in_44_fu_856                         |   9|          2|   16|         32|
    |a_in_45_fu_868                         |   9|          2|   16|         32|
    |a_in_46_fu_880                         |   9|          2|   16|         32|
    |a_in_47_fu_892                         |   9|          2|   16|         32|
    |a_in_48_fu_896                         |   9|          2|   16|         32|
    |a_in_49_fu_900                         |   9|          2|   16|         32|
    |a_in_4_fu_308                          |   9|          2|   16|         32|
    |a_in_50_fu_912                         |   9|          2|   16|         32|
    |a_in_51_fu_924                         |   9|          2|   16|         32|
    |a_in_52_fu_936                         |   9|          2|   16|         32|
    |a_in_53_fu_948                         |   9|          2|   16|         32|
    |a_in_54_fu_952                         |   9|          2|   16|         32|
    |a_in_55_fu_956                         |   9|          2|   16|         32|
    |a_in_5_fu_328                          |   9|          2|   16|         32|
    |a_in_60_reg_1456                       |   9|          2|   16|         32|
    |a_in_64_reg_1492                       |   9|          2|   16|         32|
    |a_in_68_reg_1516                       |   9|          2|   16|         32|
    |a_in_6_fu_348                          |   9|          2|   16|         32|
    |a_in_7_fu_368                          |   9|          2|   16|         32|
    |a_in_8_fu_384                          |   9|          2|   16|         32|
    |a_in_9_fu_396                          |   9|          2|   16|         32|
    |a_in_fu_256                            |   9|          2|   16|         32|
    |ap_NS_fsm                              |  48|          9|    1|          9|
    |ap_done_int                            |   9|          2|    1|          2|
    |ap_enable_reg_pp0_iter0                |   9|          2|    1|          2|
    |ap_enable_reg_pp0_iter2                |   9|          2|    1|          2|
    |ap_enable_reg_pp0_iter3                |   9|          2|    1|          2|
    |ap_loop_exit_ready_pp0_iter1_reg       |   9|          2|    1|          2|
    |ap_loop_exit_ready_pp0_iter2_reg       |   9|          2|    1|          2|
    |ap_phi_mux_a_in_60_phi_fu_1460_p4      |   9|          2|   16|         32|
    |ap_phi_mux_a_in_64_phi_fu_1496_p4      |   9|          2|   16|         32|
    |ap_phi_mux_a_in_68_phi_fu_1520_p4      |   9|          2|   16|         32|
    |ap_phi_mux_a_in_72_phi_fu_1544_p4      |   9|          2|   16|         32|
    |ap_phi_mux_a_in_76_phi_fu_1568_p4      |   9|          2|   16|         32|
    |ap_phi_mux_b_in_57_phi_fu_1484_p4      |   9|          2|   16|         32|
    |ap_phi_mux_b_in_58_phi_fu_1508_p4      |   9|          2|   16|         32|
    |ap_phi_mux_b_in_59_phi_fu_1532_p4      |   9|          2|   16|         32|
    |ap_phi_mux_b_in_60_phi_fu_1556_p4      |   9|          2|   16|         32|
    |ap_phi_mux_b_in_61_phi_fu_1580_p4      |   9|          2|   16|         32|
    |ap_phi_reg_pp0_iter1_a_in_56_reg_1444  |   9|          2|   16|         32|
    |ap_phi_reg_pp0_iter1_a_in_80_reg_1588  |   9|          2|   16|         32|
    |ap_phi_reg_pp0_iter1_a_in_84_reg_1612  |   9|          2|   16|         32|
    |ap_phi_reg_pp0_iter1_b_in_56_reg_1468  |   9|          2|   16|         32|
    |ap_phi_reg_pp0_iter1_b_in_62_reg_1600  |   9|          2|   16|         32|
    |ap_phi_reg_pp0_iter1_b_in_63_reg_1624  |   9|          2|   16|         32|
    |ap_phi_reg_pp0_iter2_a_in_80_reg_1588  |   9|          2|   16|         32|
    |ap_phi_reg_pp0_iter2_a_in_84_reg_1612  |   9|          2|   16|         32|
    |ap_phi_reg_pp0_iter2_b_in_62_reg_1600  |   9|          2|   16|         32|
    |ap_phi_reg_pp0_iter2_b_in_63_reg_1624  |   9|          2|   16|         32|
    |b_in_10_fu_448                         |   9|          2|   16|         32|
    |b_in_11_fu_460                         |   9|          2|   16|         32|
    |b_in_12_fu_468                         |   9|          2|   16|         32|
    |b_in_13_fu_480                         |   9|          2|   16|         32|
    |b_in_14_fu_488                         |   9|          2|   16|         32|
    |b_in_15_fu_500                         |   9|          2|   16|         32|
    |b_in_16_fu_556                         |   9|          2|   16|         32|
    |b_in_17_fu_568                         |   9|          2|   16|         32|
    |b_in_18_fu_576                         |   9|          2|   16|         32|
    |b_in_19_fu_588                         |   9|          2|   16|         32|
    |b_in_1_fu_312                          |   9|          2|   16|         32|
    |b_in_20_fu_596                         |   9|          2|   16|         32|
    |b_in_21_fu_608                         |   9|          2|   16|         32|
    |b_in_22_fu_616                         |   9|          2|   16|         32|
    |b_in_23_fu_628                         |   9|          2|   16|         32|
    |b_in_24_fu_684                         |   9|          2|   16|         32|
    |b_in_25_fu_696                         |   9|          2|   16|         32|
    |b_in_26_fu_704                         |   9|          2|   16|         32|
    |b_in_27_fu_716                         |   9|          2|   16|         32|
    |b_in_28_fu_724                         |   9|          2|   16|         32|
    |b_in_29_fu_736                         |   9|          2|   16|         32|
    |b_in_2_fu_320                          |   9|          2|   16|         32|
    |b_in_30_fu_744                         |   9|          2|   16|         32|
    |b_in_31_fu_756                         |   9|          2|   16|         32|
    |b_in_32_fu_792                         |   9|          2|   16|         32|
    |b_in_33_fu_796                         |   9|          2|   16|         32|
    |b_in_34_fu_804                         |   9|          2|   16|         32|
    |b_in_35_fu_808                         |   9|          2|   16|         32|
    |b_in_36_fu_816                         |   9|          2|   16|         32|
    |b_in_37_fu_820                         |   9|          2|   16|         32|
    |b_in_38_fu_828                         |   9|          2|   16|         32|
    |b_in_39_fu_832                         |   9|          2|   16|         32|
    |b_in_3_fu_332                          |   9|          2|   16|         32|
    |b_in_40_fu_848                         |   9|          2|   16|         32|
    |b_in_41_fu_852                         |   9|          2|   16|         32|
    |b_in_42_fu_860                         |   9|          2|   16|         32|
    |b_in_43_fu_864                         |   9|          2|   16|         32|
    |b_in_44_fu_872                         |   9|          2|   16|         32|
    |b_in_45_fu_876                         |   9|          2|   16|         32|
    |b_in_46_fu_884                         |   9|          2|   16|         32|
    |b_in_47_fu_888                         |   9|          2|   16|         32|
    |b_in_48_fu_904                         |   9|          2|   16|         32|
    |b_in_49_fu_908                         |   9|          2|   16|         32|
    |b_in_4_fu_340                          |   9|          2|   16|         32|
    |b_in_50_fu_916                         |   9|          2|   16|         32|
    |b_in_51_fu_920                         |   9|          2|   16|         32|
    |b_in_52_fu_928                         |   9|          2|   16|         32|
    |b_in_53_fu_932                         |   9|          2|   16|         32|
    |b_in_54_fu_940                         |   9|          2|   16|         32|
    |b_in_55_fu_944                         |   9|          2|   16|         32|
    |b_in_57_reg_1480                       |   9|          2|   16|         32|
    |b_in_58_reg_1504                       |   9|          2|   16|         32|
    |b_in_59_reg_1528                       |   9|          2|   16|         32|
    |b_in_5_fu_352                          |   9|          2|   16|         32|
    |b_in_6_fu_360                          |   9|          2|   16|         32|
    |b_in_7_fu_372                          |   9|          2|   16|         32|
    |b_in_8_fu_428                          |   9|          2|   16|         32|
    |b_in_9_fu_440                          |   9|          2|   16|         32|
    |b_in_fu_300                            |   9|          2|   16|         32|
    |conv3_i_i290_fu_252                    |   9|          2|   16|         32|
    |conv3_i_i_1159292_fu_260               |   9|          2|   16|         32|
    |conv3_i_i_1306_fu_304                  |   9|          2|   16|         32|
    |conv3_i_i_1_1309_fu_316                |   9|          2|   16|         32|
    |conv3_i_i_1_2312_fu_324                |   9|          2|   16|         32|
    |conv3_i_i_1_3315_fu_336                |   9|          2|   16|         32|
    |conv3_i_i_1_4318_fu_344                |   9|          2|   16|         32|
    |conv3_i_i_1_5321_fu_356                |   9|          2|   16|         32|
    |conv3_i_i_1_6324_fu_364                |   9|          2|   16|         32|
    |conv3_i_i_1_7327_fu_376                |   9|          2|   16|         32|
    |conv3_i_i_2169294_fu_264               |   9|          2|   16|         32|
    |conv3_i_i_2329_fu_380                  |   9|          2|   16|         32|
    |conv3_i_i_2_1332_fu_388                |   9|          2|   16|         32|
    |conv3_i_i_2_2335_fu_392                |   9|          2|   16|         32|
    |conv3_i_i_2_3338_fu_400                |   9|          2|   16|         32|
    |conv3_i_i_2_4341_fu_404                |   9|          2|   16|         32|
    |conv3_i_i_2_5344_fu_412                |   9|          2|   16|         32|
    |conv3_i_i_2_6347_fu_416                |   9|          2|   16|         32|
    |conv3_i_i_2_7350_fu_424                |   9|          2|   16|         32|
    |conv3_i_i_3179296_fu_272               |   9|          2|   16|         32|
    |conv3_i_i_3352_fu_432                  |   9|          2|   16|         32|
    |conv3_i_i_3_1355_fu_444                |   9|          2|   16|         32|
    |conv3_i_i_3_2358_fu_452                |   9|          2|   16|         32|
    |conv3_i_i_3_3361_fu_464                |   9|          2|   16|         32|
    |conv3_i_i_3_4364_fu_472                |   9|          2|   16|         32|
    |conv3_i_i_3_5367_fu_484                |   9|          2|   16|         32|
    |conv3_i_i_3_6370_fu_492                |   9|          2|   16|         32|
    |conv3_i_i_3_7373_fu_504                |   9|          2|   16|         32|
    |conv3_i_i_4189298_fu_276               |   9|          2|   16|         32|
    |conv3_i_i_4375_fu_508                  |   9|          2|   16|         32|
    |conv3_i_i_4_1378_fu_516                |   9|          2|   16|         32|
    |conv3_i_i_4_2381_fu_520                |   9|          2|   16|         32|
    |conv3_i_i_4_3384_fu_528                |   9|          2|   16|         32|
    |conv3_i_i_4_4387_fu_532                |   9|          2|   16|         32|
    |conv3_i_i_4_5390_fu_540                |   9|          2|   16|         32|
    |conv3_i_i_4_6393_fu_544                |   9|          2|   16|         32|
    |conv3_i_i_4_7396_fu_552                |   9|          2|   16|         32|
    |conv3_i_i_5199300_fu_284               |   9|          2|   16|         32|
    |conv3_i_i_5398_fu_560                  |   9|          2|   16|         32|
    |conv3_i_i_5_1401_fu_572                |   9|          2|   16|         32|
    |conv3_i_i_5_2404_fu_580                |   9|          2|   16|         32|
    |conv3_i_i_5_3407_fu_592                |   9|          2|   16|         32|
    |conv3_i_i_5_4410_fu_600                |   9|          2|   16|         32|
    |conv3_i_i_5_5413_fu_612                |   9|          2|   16|         32|
    |conv3_i_i_5_6416_fu_620                |   9|          2|   16|         32|
    |conv3_i_i_5_7419_fu_632                |   9|          2|   16|         32|
    |conv3_i_i_6209302_fu_288               |   9|          2|   16|         32|
    |conv3_i_i_6421_fu_636                  |   9|          2|   16|         32|
    |conv3_i_i_6_1424_fu_644                |   9|          2|   16|         32|
    |conv3_i_i_6_2427_fu_648                |   9|          2|   16|         32|
    |conv3_i_i_6_3430_fu_656                |   9|          2|   16|         32|
    |conv3_i_i_6_4433_fu_660                |   9|          2|   16|         32|
    |conv3_i_i_6_5436_fu_668                |   9|          2|   16|         32|
    |conv3_i_i_6_6439_fu_672                |   9|          2|   16|         32|
    |conv3_i_i_6_7442_fu_680                |   9|          2|   16|         32|
    |conv3_i_i_7219304_fu_296               |   9|          2|   16|         32|
    |conv3_i_i_7444_fu_688                  |   9|          2|   16|         32|
    |conv3_i_i_7_1447_fu_700                |   9|          2|   16|         32|
    |conv3_i_i_7_2450_fu_708                |   9|          2|   16|         32|
    |conv3_i_i_7_3453_fu_720                |   9|          2|   16|         32|
    |conv3_i_i_7_4456_fu_728                |   9|          2|   16|         32|
    |conv3_i_i_7_5459_fu_740                |   9|          2|   16|         32|
    |conv3_i_i_7_6462_fu_748                |   9|          2|   16|         32|
    |conv3_i_i_7_7465_fu_760                |   9|          2|   16|         32|
    |gmem0_blk_n_AR                         |   9|          2|    1|          2|
    |gmem0_blk_n_R                          |   9|          2|    1|          2|
    |gmem1_blk_n_AR                         |   9|          2|    1|          2|
    |gmem1_blk_n_R                          |   9|          2|    1|          2|
    |k_fu_764                               |   9|          2|    5|         10|
    |m_axi_gmem0_0_ARADDR                   |  48|          9|   64|        576|
    |m_axi_gmem1_0_ARADDR                   |  48|          9|   64|        576|
    +---------------------------------------+----+-----------+-----+-----------+
    |Total                                  |2061|        453| 3376|       7655|
    +---------------------------------------+----+-----------+-----+-----------+

    * Register: 
    +--------------------------------------------+----+----+-----+-----------+
    |                    Name                    | FF | LUT| Bits| Const Bits|
    +--------------------------------------------+----+----+-----+-----------+
    |a_in_10_fu_408                              |  16|   0|   16|          0|
    |a_in_11_fu_420                              |  16|   0|   16|          0|
    |a_in_12_fu_436                              |  16|   0|   16|          0|
    |a_in_13_fu_456                              |  16|   0|   16|          0|
    |a_in_14_fu_476                              |  16|   0|   16|          0|
    |a_in_15_fu_496                              |  16|   0|   16|          0|
    |a_in_16_fu_512                              |  16|   0|   16|          0|
    |a_in_17_fu_524                              |  16|   0|   16|          0|
    |a_in_18_fu_536                              |  16|   0|   16|          0|
    |a_in_19_fu_548                              |  16|   0|   16|          0|
    |a_in_1_fu_268                               |  16|   0|   16|          0|
    |a_in_20_fu_564                              |  16|   0|   16|          0|
    |a_in_20_load_reg_7719                       |  16|   0|   16|          0|
    |a_in_21_fu_584                              |  16|   0|   16|          0|
    |a_in_22_fu_604                              |  16|   0|   16|          0|
    |a_in_23_fu_624                              |  16|   0|   16|          0|
    |a_in_24_fu_640                              |  16|   0|   16|          0|
    |a_in_24_load_reg_7734                       |  16|   0|   16|          0|
    |a_in_25_fu_652                              |  16|   0|   16|          0|
    |a_in_26_fu_664                              |  16|   0|   16|          0|
    |a_in_27_fu_676                              |  16|   0|   16|          0|
    |a_in_28_fu_692                              |  16|   0|   16|          0|
    |a_in_28_load_reg_7739                       |  16|   0|   16|          0|
    |a_in_29_fu_712                              |  16|   0|   16|          0|
    |a_in_2_fu_280                               |  16|   0|   16|          0|
    |a_in_30_fu_732                              |  16|   0|   16|          0|
    |a_in_31_fu_752                              |  16|   0|   16|          0|
    |a_in_32_fu_768                              |  16|   0|   16|          0|
    |a_in_33_fu_772                              |  16|   0|   16|          0|
    |a_in_34_fu_776                              |  16|   0|   16|          0|
    |a_in_35_fu_780                              |  16|   0|   16|          0|
    |a_in_36_fu_784                              |  16|   0|   16|          0|
    |a_in_37_fu_788                              |  16|   0|   16|          0|
    |a_in_38_fu_800                              |  16|   0|   16|          0|
    |a_in_39_fu_812                              |  16|   0|   16|          0|
    |a_in_3_fu_292                               |  16|   0|   16|          0|
    |a_in_40_fu_824                              |  16|   0|   16|          0|
    |a_in_41_fu_836                              |  16|   0|   16|          0|
    |a_in_42_fu_840                              |  16|   0|   16|          0|
    |a_in_43_fu_844                              |  16|   0|   16|          0|
    |a_in_44_fu_856                              |  16|   0|   16|          0|
    |a_in_45_fu_868                              |  16|   0|   16|          0|
    |a_in_46_fu_880                              |  16|   0|   16|          0|
    |a_in_47_fu_892                              |  16|   0|   16|          0|
    |a_in_48_fu_896                              |  16|   0|   16|          0|
    |a_in_49_fu_900                              |  16|   0|   16|          0|
    |a_in_4_fu_308                               |  16|   0|   16|          0|
    |a_in_50_fu_912                              |  16|   0|   16|          0|
    |a_in_51_fu_924                              |  16|   0|   16|          0|
    |a_in_52_fu_936                              |  16|   0|   16|          0|
    |a_in_53_fu_948                              |  16|   0|   16|          0|
    |a_in_54_fu_952                              |  16|   0|   16|          0|
    |a_in_55_fu_956                              |  16|   0|   16|          0|
    |a_in_56_reg_1444                            |  16|   0|   16|          0|
    |a_in_57_reg_7766                            |  16|   0|   16|          0|
    |a_in_58_reg_7798                            |  16|   0|   16|          0|
    |a_in_59_reg_7835                            |  16|   0|   16|          0|
    |a_in_5_fu_328                               |  16|   0|   16|          0|
    |a_in_60_reg_1456                            |  16|   0|   16|          0|
    |a_in_61_reg_7411                            |  16|   0|   16|          0|
    |a_in_62_reg_7585                            |  16|   0|   16|          0|
    |a_in_63_reg_7744                            |  16|   0|   16|          0|
    |a_in_64_reg_1492                            |  16|   0|   16|          0|
    |a_in_66_reg_6923                            |  16|   0|   16|          0|
    |a_in_67_reg_7273                            |  16|   0|   16|          0|
    |a_in_68_reg_1516                            |  16|   0|   16|          0|
    |a_in_6_fu_348                               |  16|   0|   16|          0|
    |a_in_71_reg_6944                            |  16|   0|   16|          0|
    |a_in_78_reg_7061                            |  16|   0|   16|          0|
    |a_in_7_fu_368                               |  16|   0|   16|          0|
    |a_in_80_reg_1588                            |  16|   0|   16|          0|
    |a_in_83_reg_7154                            |  16|   0|   16|          0|
    |a_in_84_reg_1612                            |  16|   0|   16|          0|
    |a_in_8_fu_384                               |  16|   0|   16|          0|
    |a_in_9_fu_396                               |  16|   0|   16|          0|
    |a_in_fu_256                                 |  16|   0|   16|          0|
    |ap_CS_fsm                                   |   8|   0|    8|          0|
    |ap_block_pp0_stage0_subdone_grp0_done_reg   |   1|   0|    1|          0|
    |ap_block_pp0_stage0_subdone_grp13_done_reg  |   1|   0|    1|          0|
    |ap_block_pp0_stage0_subdone_grp14_done_reg  |   1|   0|    1|          0|
    |ap_block_pp0_stage0_subdone_grp29_done_reg  |   1|   0|    1|          0|
    |ap_block_pp0_stage0_subdone_grp30_done_reg  |   1|   0|    1|          0|
    |ap_block_pp0_stage1_subdone_grp0_done_reg   |   1|   0|    1|          0|
    |ap_block_pp0_stage1_subdone_grp15_done_reg  |   1|   0|    1|          0|
    |ap_block_pp0_stage1_subdone_grp16_done_reg  |   1|   0|    1|          0|
    |ap_block_pp0_stage2_subdone_grp0_done_reg   |   1|   0|    1|          0|
    |ap_block_pp0_stage2_subdone_grp17_done_reg  |   1|   0|    1|          0|
    |ap_block_pp0_stage2_subdone_grp18_done_reg  |   1|   0|    1|          0|
    |ap_block_pp0_stage2_subdone_grp1_done_reg   |   1|   0|    1|          0|
    |ap_block_pp0_stage3_subdone_grp0_done_reg   |   1|   0|    1|          0|
    |ap_block_pp0_stage3_subdone_grp19_done_reg  |   1|   0|    1|          0|
    |ap_block_pp0_stage3_subdone_grp20_done_reg  |   1|   0|    1|          0|
    |ap_block_pp0_stage3_subdone_grp3_done_reg   |   1|   0|    1|          0|
    |ap_block_pp0_stage4_subdone_grp0_done_reg   |   1|   0|    1|          0|
    |ap_block_pp0_stage4_subdone_grp21_done_reg  |   1|   0|    1|          0|
    |ap_block_pp0_stage4_subdone_grp22_done_reg  |   1|   0|    1|          0|
    |ap_block_pp0_stage4_subdone_grp5_done_reg   |   1|   0|    1|          0|
    |ap_block_pp0_stage5_subdone_grp0_done_reg   |   1|   0|    1|          0|
    |ap_block_pp0_stage5_subdone_grp23_done_reg  |   1|   0|    1|          0|
    |ap_block_pp0_stage5_subdone_grp24_done_reg  |   1|   0|    1|          0|
    |ap_block_pp0_stage5_subdone_grp7_done_reg   |   1|   0|    1|          0|
    |ap_block_pp0_stage6_subdone_grp0_done_reg   |   1|   0|    1|          0|
    |ap_block_pp0_stage6_subdone_grp25_done_reg  |   1|   0|    1|          0|
    |ap_block_pp0_stage6_subdone_grp26_done_reg  |   1|   0|    1|          0|
    |ap_block_pp0_stage6_subdone_grp9_done_reg   |   1|   0|    1|          0|
    |ap_block_pp0_stage7_subdone_grp0_done_reg   |   1|   0|    1|          0|
    |ap_block_pp0_stage7_subdone_grp11_done_reg  |   1|   0|    1|          0|
    |ap_block_pp0_stage7_subdone_grp27_done_reg  |   1|   0|    1|          0|
    |ap_block_pp0_stage7_subdone_grp28_done_reg  |   1|   0|    1|          0|
    |ap_done_reg                                 |   1|   0|    1|          0|
    |ap_enable_reg_pp0_iter0_reg                 |   1|   0|    1|          0|
    |ap_enable_reg_pp0_iter1                     |   1|   0|    1|          0|
    |ap_enable_reg_pp0_iter2                     |   1|   0|    1|          0|
    |ap_enable_reg_pp0_iter3                     |   1|   0|    1|          0|
    |ap_loop_exit_ready_pp0_iter1_reg            |   1|   0|    1|          0|
    |ap_loop_exit_ready_pp0_iter2_reg            |   1|   0|    1|          0|
    |ap_phi_reg_pp0_iter1_a_in_56_reg_1444       |  16|   0|   16|          0|
    |ap_phi_reg_pp0_iter1_a_in_80_reg_1588       |  16|   0|   16|          0|
    |ap_phi_reg_pp0_iter1_a_in_84_reg_1612       |  16|   0|   16|          0|
    |ap_phi_reg_pp0_iter1_b_in_56_reg_1468       |  16|   0|   16|          0|
    |ap_phi_reg_pp0_iter1_b_in_62_reg_1600       |  16|   0|   16|          0|
    |ap_phi_reg_pp0_iter1_b_in_63_reg_1624       |  16|   0|   16|          0|
    |ap_phi_reg_pp0_iter2_a_in_80_reg_1588       |  16|   0|   16|          0|
    |ap_phi_reg_pp0_iter2_a_in_84_reg_1612       |  16|   0|   16|          0|
    |ap_phi_reg_pp0_iter2_b_in_62_reg_1600       |  16|   0|   16|          0|
    |ap_phi_reg_pp0_iter2_b_in_63_reg_1624       |  16|   0|   16|          0|
    |b_in_10_fu_448                              |  16|   0|   16|          0|
    |b_in_11_fu_460                              |  16|   0|   16|          0|
    |b_in_12_fu_468                              |  16|   0|   16|          0|
    |b_in_13_fu_480                              |  16|   0|   16|          0|
    |b_in_14_fu_488                              |  16|   0|   16|          0|
    |b_in_15_fu_500                              |  16|   0|   16|          0|
    |b_in_16_fu_556                              |  16|   0|   16|          0|
    |b_in_17_fu_568                              |  16|   0|   16|          0|
    |b_in_18_fu_576                              |  16|   0|   16|          0|
    |b_in_19_fu_588                              |  16|   0|   16|          0|
    |b_in_1_fu_312                               |  16|   0|   16|          0|
    |b_in_20_fu_596                              |  16|   0|   16|          0|
    |b_in_21_fu_608                              |  16|   0|   16|          0|
    |b_in_22_fu_616                              |  16|   0|   16|          0|
    |b_in_23_fu_628                              |  16|   0|   16|          0|
    |b_in_24_fu_684                              |  16|   0|   16|          0|
    |b_in_25_fu_696                              |  16|   0|   16|          0|
    |b_in_26_fu_704                              |  16|   0|   16|          0|
    |b_in_27_fu_716                              |  16|   0|   16|          0|
    |b_in_28_fu_724                              |  16|   0|   16|          0|
    |b_in_29_fu_736                              |  16|   0|   16|          0|
    |b_in_2_fu_320                               |  16|   0|   16|          0|
    |b_in_30_fu_744                              |  16|   0|   16|          0|
    |b_in_31_fu_756                              |  16|   0|   16|          0|
    |b_in_32_fu_792                              |  16|   0|   16|          0|
    |b_in_33_fu_796                              |  16|   0|   16|          0|
    |b_in_34_fu_804                              |  16|   0|   16|          0|
    |b_in_35_fu_808                              |  16|   0|   16|          0|
    |b_in_36_fu_816                              |  16|   0|   16|          0|
    |b_in_37_fu_820                              |  16|   0|   16|          0|
    |b_in_38_fu_828                              |  16|   0|   16|          0|
    |b_in_39_fu_832                              |  16|   0|   16|          0|
    |b_in_3_fu_332                               |  16|   0|   16|          0|
    |b_in_40_fu_848                              |  16|   0|   16|          0|
    |b_in_41_fu_852                              |  16|   0|   16|          0|
    |b_in_42_fu_860                              |  16|   0|   16|          0|
    |b_in_43_fu_864                              |  16|   0|   16|          0|
    |b_in_44_fu_872                              |  16|   0|   16|          0|
    |b_in_45_fu_876                              |  16|   0|   16|          0|
    |b_in_46_fu_884                              |  16|   0|   16|          0|
    |b_in_47_fu_888                              |  16|   0|   16|          0|
    |b_in_48_fu_904                              |  16|   0|   16|          0|
    |b_in_49_fu_908                              |  16|   0|   16|          0|
    |b_in_4_fu_340                               |  16|   0|   16|          0|
    |b_in_50_fu_916                              |  16|   0|   16|          0|
    |b_in_51_fu_920                              |  16|   0|   16|          0|
    |b_in_52_fu_928                              |  16|   0|   16|          0|
    |b_in_53_fu_932                              |  16|   0|   16|          0|
    |b_in_54_fu_940                              |  16|   0|   16|          0|
    |b_in_55_fu_944                              |  16|   0|   16|          0|
    |b_in_56_reg_1468                            |  16|   0|   16|          0|
    |b_in_57_reg_1480                            |  16|   0|   16|          0|
    |b_in_58_reg_1504                            |  16|   0|   16|          0|
    |b_in_59_reg_1528                            |  16|   0|   16|          0|
    |b_in_5_fu_352                               |  16|   0|   16|          0|
    |b_in_5_load_reg_7714                        |  16|   0|   16|          0|
    |b_in_62_reg_1600                            |  16|   0|   16|          0|
    |b_in_63_reg_1624                            |  16|   0|   16|          0|
    |b_in_64_reg_7772                            |  16|   0|   16|          0|
    |b_in_65_reg_7417                            |  16|   0|   16|          0|
    |b_in_6_fu_360                               |  16|   0|   16|          0|
    |b_in_6_load_reg_7724                        |  16|   0|   16|          0|
    |b_in_72_reg_7804                            |  16|   0|   16|          0|
    |b_in_73_reg_7591                            |  16|   0|   16|          0|
    |b_in_74_reg_6950                            |  16|   0|   16|          0|
    |b_in_75_reg_6956                            |  16|   0|   16|          0|
    |b_in_76_reg_6962                            |  16|   0|   16|          0|
    |b_in_77_reg_6968                            |  16|   0|   16|          0|
    |b_in_78_reg_6974                            |  16|   0|   16|          0|
    |b_in_79_reg_7055                            |  16|   0|   16|          0|
    |b_in_7_fu_372                               |  16|   0|   16|          0|
    |b_in_7_load_reg_7729                        |  16|   0|   16|          0|
    |b_in_80_reg_7841                            |  16|   0|   16|          0|
    |b_in_81_reg_7750                            |  16|   0|   16|          0|
    |b_in_82_reg_7284                            |  16|   0|   16|          0|
    |b_in_83_reg_7067                            |  16|   0|   16|          0|
    |b_in_84_reg_7142                            |  16|   0|   16|          0|
    |b_in_85_reg_7148                            |  16|   0|   16|          0|
    |b_in_86_reg_7160                            |  16|   0|   16|          0|
    |b_in_87_reg_7166                            |  16|   0|   16|          0|
    |b_in_8_fu_428                               |  16|   0|   16|          0|
    |b_in_9_fu_440                               |  16|   0|   16|          0|
    |b_in_fu_300                                 |  16|   0|   16|          0|
    |conv3_i_i290_fu_252                         |  16|   0|   16|          0|
    |conv3_i_i_1159292_fu_260                    |  16|   0|   16|          0|
    |conv3_i_i_1306_fu_304                       |  16|   0|   16|          0|
    |conv3_i_i_1_1309_fu_316                     |  16|   0|   16|          0|
    |conv3_i_i_1_2312_fu_324                     |  16|   0|   16|          0|
    |conv3_i_i_1_3315_fu_336                     |  16|   0|   16|          0|
    |conv3_i_i_1_4318_fu_344                     |  16|   0|   16|          0|
    |conv3_i_i_1_5321_fu_356                     |  16|   0|   16|          0|
    |conv3_i_i_1_6324_fu_364                     |  16|   0|   16|          0|
    |conv3_i_i_1_7327_fu_376                     |  16|   0|   16|          0|
    |conv3_i_i_2169294_fu_264                    |  16|   0|   16|          0|
    |conv3_i_i_2329_fu_380                       |  16|   0|   16|          0|
    |conv3_i_i_2_1332_fu_388                     |  16|   0|   16|          0|
    |conv3_i_i_2_2335_fu_392                     |  16|   0|   16|          0|
    |conv3_i_i_2_3338_fu_400                     |  16|   0|   16|          0|
    |conv3_i_i_2_4341_fu_404                     |  16|   0|   16|          0|
    |conv3_i_i_2_5344_fu_412                     |  16|   0|   16|          0|
    |conv3_i_i_2_6347_fu_416                     |  16|   0|   16|          0|
    |conv3_i_i_2_7350_fu_424                     |  16|   0|   16|          0|
    |conv3_i_i_3179296_fu_272                    |  16|   0|   16|          0|
    |conv3_i_i_3352_fu_432                       |  16|   0|   16|          0|
    |conv3_i_i_3_1355_fu_444                     |  16|   0|   16|          0|
    |conv3_i_i_3_2358_fu_452                     |  16|   0|   16|          0|
    |conv3_i_i_3_3361_fu_464                     |  16|   0|   16|          0|
    |conv3_i_i_3_4364_fu_472                     |  16|   0|   16|          0|
    |conv3_i_i_3_5367_fu_484                     |  16|   0|   16|          0|
    |conv3_i_i_3_6370_fu_492                     |  16|   0|   16|          0|
    |conv3_i_i_3_7373_fu_504                     |  16|   0|   16|          0|
    |conv3_i_i_4189298_fu_276                    |  16|   0|   16|          0|
    |conv3_i_i_4375_fu_508                       |  16|   0|   16|          0|
    |conv3_i_i_4_1378_fu_516                     |  16|   0|   16|          0|
    |conv3_i_i_4_2381_fu_520                     |  16|   0|   16|          0|
    |conv3_i_i_4_3384_fu_528                     |  16|   0|   16|          0|
    |conv3_i_i_4_4387_fu_532                     |  16|   0|   16|          0|
    |conv3_i_i_4_5390_fu_540                     |  16|   0|   16|          0|
    |conv3_i_i_4_6393_fu_544                     |  16|   0|   16|          0|
    |conv3_i_i_4_7396_fu_552                     |  16|   0|   16|          0|
    |conv3_i_i_5199300_fu_284                    |  16|   0|   16|          0|
    |conv3_i_i_5398_fu_560                       |  16|   0|   16|          0|
    |conv3_i_i_5_1401_fu_572                     |  16|   0|   16|          0|
    |conv3_i_i_5_2404_fu_580                     |  16|   0|   16|          0|
    |conv3_i_i_5_3407_fu_592                     |  16|   0|   16|          0|
    |conv3_i_i_5_4410_fu_600                     |  16|   0|   16|          0|
    |conv3_i_i_5_5413_fu_612                     |  16|   0|   16|          0|
    |conv3_i_i_5_6416_fu_620                     |  16|   0|   16|          0|
    |conv3_i_i_5_7419_fu_632                     |  16|   0|   16|          0|
    |conv3_i_i_6209302_fu_288                    |  16|   0|   16|          0|
    |conv3_i_i_6421_fu_636                       |  16|   0|   16|          0|
    |conv3_i_i_6_1424_fu_644                     |  16|   0|   16|          0|
    |conv3_i_i_6_2427_fu_648                     |  16|   0|   16|          0|
    |conv3_i_i_6_3430_fu_656                     |  16|   0|   16|          0|
    |conv3_i_i_6_4433_fu_660                     |  16|   0|   16|          0|
    |conv3_i_i_6_5436_fu_668                     |  16|   0|   16|          0|
    |conv3_i_i_6_6439_fu_672                     |  16|   0|   16|          0|
    |conv3_i_i_6_7442_fu_680                     |  16|   0|   16|          0|
    |conv3_i_i_7219304_fu_296                    |  16|   0|   16|          0|
    |conv3_i_i_7444_fu_688                       |  16|   0|   16|          0|
    |conv3_i_i_7_1447_fu_700                     |  16|   0|   16|          0|
    |conv3_i_i_7_2450_fu_708                     |  16|   0|   16|          0|
    |conv3_i_i_7_3453_fu_720                     |  16|   0|   16|          0|
    |conv3_i_i_7_4456_fu_728                     |  16|   0|   16|          0|
    |conv3_i_i_7_5459_fu_740                     |  16|   0|   16|          0|
    |conv3_i_i_7_6462_fu_748                     |  16|   0|   16|          0|
    |conv3_i_i_7_7465_fu_760                     |  16|   0|   16|          0|
    |gmem0_addr_1_reg_7085                       |  64|   0|   64|          0|
    |gmem0_addr_2_reg_7176                       |  64|   0|   64|          0|
    |gmem0_addr_3_reg_7304                       |  64|   0|   64|          0|
    |gmem0_addr_4_reg_7447                       |  64|   0|   64|          0|
    |gmem0_addr_5_reg_7523                       |  64|   0|   64|          0|
    |gmem0_addr_6_reg_7601                       |  64|   0|   64|          0|
    |gmem0_addr_7_read_reg_7887                  |  16|   0|   16|          0|
    |gmem0_addr_7_reg_7611                       |  64|   0|   64|          0|
    |gmem0_addr_reg_6988                         |  64|   0|   64|          0|
    |gmem1_addr_1_reg_7091                       |  64|   0|   64|          0|
    |gmem1_addr_2_reg_7182                       |  64|   0|   64|          0|
    |gmem1_addr_3_reg_7310                       |  64|   0|   64|          0|
    |gmem1_addr_4_reg_7453                       |  64|   0|   64|          0|
    |gmem1_addr_5_reg_7529                       |  64|   0|   64|          0|
    |gmem1_addr_6_reg_7617                       |  64|   0|   64|          0|
    |gmem1_addr_7_read_reg_7892                  |  16|   0|   16|          0|
    |gmem1_addr_7_reg_7623                       |  64|   0|   64|          0|
    |gmem1_addr_reg_6994                         |  64|   0|   64|          0|
    |icmp_ln67_reg_6980                          |   1|   0|    1|          0|
    |icmp_ln80_1_reg_7081                        |   1|   0|    1|          0|
    |icmp_ln80_2_reg_7172                        |   1|   0|    1|          0|
    |icmp_ln80_3_reg_7300                        |   1|   0|    1|          0|
    |icmp_ln80_4_reg_7443                        |   1|   0|    1|          0|
    |icmp_ln80_5_reg_7519                        |   1|   0|    1|          0|
    |icmp_ln80_6_reg_7597                        |   1|   0|    1|          0|
    |icmp_ln80_7_reg_7607                        |   1|   0|    1|          0|
    |icmp_ln80_reg_6984                          |   1|   0|    1|          0|
    |k_1_reg_6901                                |   5|   0|    5|          0|
    |k_fu_764                                    |   5|   0|    5|          0|
    |reg_1636                                    |  16|   0|   16|          0|
    |reg_1643                                    |  16|   0|   16|          0|
    |reg_1650                                    |  16|   0|   16|          0|
    |reg_1656                                    |  16|   0|   16|          0|
    |reg_1662                                    |  16|   0|   16|          0|
    |reg_1668                                    |  16|   0|   16|          0|
    |zext_ln67_reg_7073                          |   5|   0|    6|          1|
    |icmp_ln67_reg_6980                          |  64|  32|    1|          0|
    |icmp_ln80_1_reg_7081                        |  64|  32|    1|          0|
    |icmp_ln80_2_reg_7172                        |  64|  32|    1|          0|
    |icmp_ln80_3_reg_7300                        |  64|  32|    1|          0|
    |icmp_ln80_4_reg_7443                        |  64|  32|    1|          0|
    |icmp_ln80_5_reg_7519                        |  64|  32|    1|          0|
    |icmp_ln80_6_reg_7597                        |  64|  32|    1|          0|
    |icmp_ln80_7_reg_7607                        |  64|  32|    1|          0|
    |icmp_ln80_reg_6984                          |  64|  32|    1|          0|
    +--------------------------------------------+----+----+-----+-----------+
    |Total                                       |5527| 288| 4961|          1|
    +--------------------------------------------+----+----+-----+-----------+



================================================================
== Interface
================================================================
* Summary: 
+------------------------------+-----+-----+------------+--------------------------------------+--------------+
|           RTL Ports          | Dir | Bits|  Protocol  |             Source Object            |    C Type    |
+------------------------------+-----+-----+------------+--------------------------------------+--------------+
|ap_clk                        |   in|    1|  ap_ctrl_hs|  systolic_array_kernel_Pipeline_CYCLE|  return value|
|ap_rst                        |   in|    1|  ap_ctrl_hs|  systolic_array_kernel_Pipeline_CYCLE|  return value|
|ap_start                      |   in|    1|  ap_ctrl_hs|  systolic_array_kernel_Pipeline_CYCLE|  return value|
|ap_done                       |  out|    1|  ap_ctrl_hs|  systolic_array_kernel_Pipeline_CYCLE|  return value|
|ap_idle                       |  out|    1|  ap_ctrl_hs|  systolic_array_kernel_Pipeline_CYCLE|  return value|
|ap_ready                      |  out|    1|  ap_ctrl_hs|  systolic_array_kernel_Pipeline_CYCLE|  return value|
|m_axi_gmem0_0_AWVALID         |  out|    1|       m_axi|                                 gmem0|       pointer|
|m_axi_gmem0_0_AWREADY         |   in|    1|       m_axi|                                 gmem0|       pointer|
|m_axi_gmem0_0_AWADDR          |  out|   64|       m_axi|                                 gmem0|       pointer|
|m_axi_gmem0_0_AWID            |  out|    1|       m_axi|                                 gmem0|       pointer|
|m_axi_gmem0_0_AWLEN           |  out|   32|       m_axi|                                 gmem0|       pointer|
|m_axi_gmem0_0_AWSIZE          |  out|    3|       m_axi|                                 gmem0|       pointer|
|m_axi_gmem0_0_AWBURST         |  out|    2|       m_axi|                                 gmem0|       pointer|
|m_axi_gmem0_0_AWLOCK          |  out|    2|       m_axi|                                 gmem0|       pointer|
|m_axi_gmem0_0_AWCACHE         |  out|    4|       m_axi|                                 gmem0|       pointer|
|m_axi_gmem0_0_AWPROT          |  out|    3|       m_axi|                                 gmem0|       pointer|
|m_axi_gmem0_0_AWQOS           |  out|    4|       m_axi|                                 gmem0|       pointer|
|m_axi_gmem0_0_AWREGION        |  out|    4|       m_axi|                                 gmem0|       pointer|
|m_axi_gmem0_0_AWUSER          |  out|    1|       m_axi|                                 gmem0|       pointer|
|m_axi_gmem0_0_WVALID          |  out|    1|       m_axi|                                 gmem0|       pointer|
|m_axi_gmem0_0_WREADY          |   in|    1|       m_axi|                                 gmem0|       pointer|
|m_axi_gmem0_0_WDATA           |  out|   16|       m_axi|                                 gmem0|       pointer|
|m_axi_gmem0_0_WSTRB           |  out|    2|       m_axi|                                 gmem0|       pointer|
|m_axi_gmem0_0_WLAST           |  out|    1|       m_axi|                                 gmem0|       pointer|
|m_axi_gmem0_0_WID             |  out|    1|       m_axi|                                 gmem0|       pointer|
|m_axi_gmem0_0_WUSER           |  out|    1|       m_axi|                                 gmem0|       pointer|
|m_axi_gmem0_0_ARVALID         |  out|    1|       m_axi|                                 gmem0|       pointer|
|m_axi_gmem0_0_ARREADY         |   in|    1|       m_axi|                                 gmem0|       pointer|
|m_axi_gmem0_0_ARADDR          |  out|   64|       m_axi|                                 gmem0|       pointer|
|m_axi_gmem0_0_ARID            |  out|    1|       m_axi|                                 gmem0|       pointer|
|m_axi_gmem0_0_ARLEN           |  out|   32|       m_axi|                                 gmem0|       pointer|
|m_axi_gmem0_0_ARSIZE          |  out|    3|       m_axi|                                 gmem0|       pointer|
|m_axi_gmem0_0_ARBURST         |  out|    2|       m_axi|                                 gmem0|       pointer|
|m_axi_gmem0_0_ARLOCK          |  out|    2|       m_axi|                                 gmem0|       pointer|
|m_axi_gmem0_0_ARCACHE         |  out|    4|       m_axi|                                 gmem0|       pointer|
|m_axi_gmem0_0_ARPROT          |  out|    3|       m_axi|                                 gmem0|       pointer|
|m_axi_gmem0_0_ARQOS           |  out|    4|       m_axi|                                 gmem0|       pointer|
|m_axi_gmem0_0_ARREGION        |  out|    4|       m_axi|                                 gmem0|       pointer|
|m_axi_gmem0_0_ARUSER          |  out|    1|       m_axi|                                 gmem0|       pointer|
|m_axi_gmem0_0_RVALID          |   in|    1|       m_axi|                                 gmem0|       pointer|
|m_axi_gmem0_0_RREADY          |  out|    1|       m_axi|                                 gmem0|       pointer|
|m_axi_gmem0_0_RDATA           |   in|   16|       m_axi|                                 gmem0|       pointer|
|m_axi_gmem0_0_RLAST           |   in|    1|       m_axi|                                 gmem0|       pointer|
|m_axi_gmem0_0_RID             |   in|    1|       m_axi|                                 gmem0|       pointer|
|m_axi_gmem0_0_RFIFONUM        |   in|   10|       m_axi|                                 gmem0|       pointer|
|m_axi_gmem0_0_RUSER           |   in|    1|       m_axi|                                 gmem0|       pointer|
|m_axi_gmem0_0_RRESP           |   in|    2|       m_axi|                                 gmem0|       pointer|
|m_axi_gmem0_0_BVALID          |   in|    1|       m_axi|                                 gmem0|       pointer|
|m_axi_gmem0_0_BREADY          |  out|    1|       m_axi|                                 gmem0|       pointer|
|m_axi_gmem0_0_BRESP           |   in|    2|       m_axi|                                 gmem0|       pointer|
|m_axi_gmem0_0_BID             |   in|    1|       m_axi|                                 gmem0|       pointer|
|m_axi_gmem0_0_BUSER           |   in|    1|       m_axi|                                 gmem0|       pointer|
|m_axi_gmem1_0_AWVALID         |  out|    1|       m_axi|                                 gmem1|       pointer|
|m_axi_gmem1_0_AWREADY         |   in|    1|       m_axi|                                 gmem1|       pointer|
|m_axi_gmem1_0_AWADDR          |  out|   64|       m_axi|                                 gmem1|       pointer|
|m_axi_gmem1_0_AWID            |  out|    1|       m_axi|                                 gmem1|       pointer|
|m_axi_gmem1_0_AWLEN           |  out|   32|       m_axi|                                 gmem1|       pointer|
|m_axi_gmem1_0_AWSIZE          |  out|    3|       m_axi|                                 gmem1|       pointer|
|m_axi_gmem1_0_AWBURST         |  out|    2|       m_axi|                                 gmem1|       pointer|
|m_axi_gmem1_0_AWLOCK          |  out|    2|       m_axi|                                 gmem1|       pointer|
|m_axi_gmem1_0_AWCACHE         |  out|    4|       m_axi|                                 gmem1|       pointer|
|m_axi_gmem1_0_AWPROT          |  out|    3|       m_axi|                                 gmem1|       pointer|
|m_axi_gmem1_0_AWQOS           |  out|    4|       m_axi|                                 gmem1|       pointer|
|m_axi_gmem1_0_AWREGION        |  out|    4|       m_axi|                                 gmem1|       pointer|
|m_axi_gmem1_0_AWUSER          |  out|    1|       m_axi|                                 gmem1|       pointer|
|m_axi_gmem1_0_WVALID          |  out|    1|       m_axi|                                 gmem1|       pointer|
|m_axi_gmem1_0_WREADY          |   in|    1|       m_axi|                                 gmem1|       pointer|
|m_axi_gmem1_0_WDATA           |  out|   16|       m_axi|                                 gmem1|       pointer|
|m_axi_gmem1_0_WSTRB           |  out|    2|       m_axi|                                 gmem1|       pointer|
|m_axi_gmem1_0_WLAST           |  out|    1|       m_axi|                                 gmem1|       pointer|
|m_axi_gmem1_0_WID             |  out|    1|       m_axi|                                 gmem1|       pointer|
|m_axi_gmem1_0_WUSER           |  out|    1|       m_axi|                                 gmem1|       pointer|
|m_axi_gmem1_0_ARVALID         |  out|    1|       m_axi|                                 gmem1|       pointer|
|m_axi_gmem1_0_ARREADY         |   in|    1|       m_axi|                                 gmem1|       pointer|
|m_axi_gmem1_0_ARADDR          |  out|   64|       m_axi|                                 gmem1|       pointer|
|m_axi_gmem1_0_ARID            |  out|    1|       m_axi|                                 gmem1|       pointer|
|m_axi_gmem1_0_ARLEN           |  out|   32|       m_axi|                                 gmem1|       pointer|
|m_axi_gmem1_0_ARSIZE          |  out|    3|       m_axi|                                 gmem1|       pointer|
|m_axi_gmem1_0_ARBURST         |  out|    2|       m_axi|                                 gmem1|       pointer|
|m_axi_gmem1_0_ARLOCK          |  out|    2|       m_axi|                                 gmem1|       pointer|
|m_axi_gmem1_0_ARCACHE         |  out|    4|       m_axi|                                 gmem1|       pointer|
|m_axi_gmem1_0_ARPROT          |  out|    3|       m_axi|                                 gmem1|       pointer|
|m_axi_gmem1_0_ARQOS           |  out|    4|       m_axi|                                 gmem1|       pointer|
|m_axi_gmem1_0_ARREGION        |  out|    4|       m_axi|                                 gmem1|       pointer|
|m_axi_gmem1_0_ARUSER          |  out|    1|       m_axi|                                 gmem1|       pointer|
|m_axi_gmem1_0_RVALID          |   in|    1|       m_axi|                                 gmem1|       pointer|
|m_axi_gmem1_0_RREADY          |  out|    1|       m_axi|                                 gmem1|       pointer|
|m_axi_gmem1_0_RDATA           |   in|   16|       m_axi|                                 gmem1|       pointer|
|m_axi_gmem1_0_RLAST           |   in|    1|       m_axi|                                 gmem1|       pointer|
|m_axi_gmem1_0_RID             |   in|    1|       m_axi|                                 gmem1|       pointer|
|m_axi_gmem1_0_RFIFONUM        |   in|   10|       m_axi|                                 gmem1|       pointer|
|m_axi_gmem1_0_RUSER           |   in|    1|       m_axi|                                 gmem1|       pointer|
|m_axi_gmem1_0_RRESP           |   in|    2|       m_axi|                                 gmem1|       pointer|
|m_axi_gmem1_0_BVALID          |   in|    1|       m_axi|                                 gmem1|       pointer|
|m_axi_gmem1_0_BREADY          |  out|    1|       m_axi|                                 gmem1|       pointer|
|m_axi_gmem1_0_BRESP           |   in|    2|       m_axi|                                 gmem1|       pointer|
|m_axi_gmem1_0_BID             |   in|    1|       m_axi|                                 gmem1|       pointer|
|m_axi_gmem1_0_BUSER           |   in|    1|       m_axi|                                 gmem1|       pointer|
|A                             |   in|   64|     ap_none|                                     A|        scalar|
|B                             |   in|   64|     ap_none|                                     B|        scalar|
|conv3_i_i_7_7465_out          |  out|   16|      ap_vld|                  conv3_i_i_7_7465_out|       pointer|
|conv3_i_i_7_7465_out_ap_vld   |  out|    1|      ap_vld|                  conv3_i_i_7_7465_out|       pointer|
|conv3_i_i_7_6462_out          |  out|   16|      ap_vld|                  conv3_i_i_7_6462_out|       pointer|
|conv3_i_i_7_6462_out_ap_vld   |  out|    1|      ap_vld|                  conv3_i_i_7_6462_out|       pointer|
|conv3_i_i_7_5459_out          |  out|   16|      ap_vld|                  conv3_i_i_7_5459_out|       pointer|
|conv3_i_i_7_5459_out_ap_vld   |  out|    1|      ap_vld|                  conv3_i_i_7_5459_out|       pointer|
|conv3_i_i_7_4456_out          |  out|   16|      ap_vld|                  conv3_i_i_7_4456_out|       pointer|
|conv3_i_i_7_4456_out_ap_vld   |  out|    1|      ap_vld|                  conv3_i_i_7_4456_out|       pointer|
|conv3_i_i_7_3453_out          |  out|   16|      ap_vld|                  conv3_i_i_7_3453_out|       pointer|
|conv3_i_i_7_3453_out_ap_vld   |  out|    1|      ap_vld|                  conv3_i_i_7_3453_out|       pointer|
|conv3_i_i_7_2450_out          |  out|   16|      ap_vld|                  conv3_i_i_7_2450_out|       pointer|
|conv3_i_i_7_2450_out_ap_vld   |  out|    1|      ap_vld|                  conv3_i_i_7_2450_out|       pointer|
|conv3_i_i_7_1447_out          |  out|   16|      ap_vld|                  conv3_i_i_7_1447_out|       pointer|
|conv3_i_i_7_1447_out_ap_vld   |  out|    1|      ap_vld|                  conv3_i_i_7_1447_out|       pointer|
|conv3_i_i_7444_out            |  out|   16|      ap_vld|                    conv3_i_i_7444_out|       pointer|
|conv3_i_i_7444_out_ap_vld     |  out|    1|      ap_vld|                    conv3_i_i_7444_out|       pointer|
|conv3_i_i_6_7442_out          |  out|   16|      ap_vld|                  conv3_i_i_6_7442_out|       pointer|
|conv3_i_i_6_7442_out_ap_vld   |  out|    1|      ap_vld|                  conv3_i_i_6_7442_out|       pointer|
|conv3_i_i_6_6439_out          |  out|   16|      ap_vld|                  conv3_i_i_6_6439_out|       pointer|
|conv3_i_i_6_6439_out_ap_vld   |  out|    1|      ap_vld|                  conv3_i_i_6_6439_out|       pointer|
|conv3_i_i_6_5436_out          |  out|   16|      ap_vld|                  conv3_i_i_6_5436_out|       pointer|
|conv3_i_i_6_5436_out_ap_vld   |  out|    1|      ap_vld|                  conv3_i_i_6_5436_out|       pointer|
|conv3_i_i_6_4433_out          |  out|   16|      ap_vld|                  conv3_i_i_6_4433_out|       pointer|
|conv3_i_i_6_4433_out_ap_vld   |  out|    1|      ap_vld|                  conv3_i_i_6_4433_out|       pointer|
|conv3_i_i_6_3430_out          |  out|   16|      ap_vld|                  conv3_i_i_6_3430_out|       pointer|
|conv3_i_i_6_3430_out_ap_vld   |  out|    1|      ap_vld|                  conv3_i_i_6_3430_out|       pointer|
|conv3_i_i_6_2427_out          |  out|   16|      ap_vld|                  conv3_i_i_6_2427_out|       pointer|
|conv3_i_i_6_2427_out_ap_vld   |  out|    1|      ap_vld|                  conv3_i_i_6_2427_out|       pointer|
|conv3_i_i_6_1424_out          |  out|   16|      ap_vld|                  conv3_i_i_6_1424_out|       pointer|
|conv3_i_i_6_1424_out_ap_vld   |  out|    1|      ap_vld|                  conv3_i_i_6_1424_out|       pointer|
|conv3_i_i_6421_out            |  out|   16|      ap_vld|                    conv3_i_i_6421_out|       pointer|
|conv3_i_i_6421_out_ap_vld     |  out|    1|      ap_vld|                    conv3_i_i_6421_out|       pointer|
|conv3_i_i_5_7419_out          |  out|   16|      ap_vld|                  conv3_i_i_5_7419_out|       pointer|
|conv3_i_i_5_7419_out_ap_vld   |  out|    1|      ap_vld|                  conv3_i_i_5_7419_out|       pointer|
|conv3_i_i_5_6416_out          |  out|   16|      ap_vld|                  conv3_i_i_5_6416_out|       pointer|
|conv3_i_i_5_6416_out_ap_vld   |  out|    1|      ap_vld|                  conv3_i_i_5_6416_out|       pointer|
|conv3_i_i_5_5413_out          |  out|   16|      ap_vld|                  conv3_i_i_5_5413_out|       pointer|
|conv3_i_i_5_5413_out_ap_vld   |  out|    1|      ap_vld|                  conv3_i_i_5_5413_out|       pointer|
|conv3_i_i_5_4410_out          |  out|   16|      ap_vld|                  conv3_i_i_5_4410_out|       pointer|
|conv3_i_i_5_4410_out_ap_vld   |  out|    1|      ap_vld|                  conv3_i_i_5_4410_out|       pointer|
|conv3_i_i_5_3407_out          |  out|   16|      ap_vld|                  conv3_i_i_5_3407_out|       pointer|
|conv3_i_i_5_3407_out_ap_vld   |  out|    1|      ap_vld|                  conv3_i_i_5_3407_out|       pointer|
|conv3_i_i_5_2404_out          |  out|   16|      ap_vld|                  conv3_i_i_5_2404_out|       pointer|
|conv3_i_i_5_2404_out_ap_vld   |  out|    1|      ap_vld|                  conv3_i_i_5_2404_out|       pointer|
|conv3_i_i_5_1401_out          |  out|   16|      ap_vld|                  conv3_i_i_5_1401_out|       pointer|
|conv3_i_i_5_1401_out_ap_vld   |  out|    1|      ap_vld|                  conv3_i_i_5_1401_out|       pointer|
|conv3_i_i_5398_out            |  out|   16|      ap_vld|                    conv3_i_i_5398_out|       pointer|
|conv3_i_i_5398_out_ap_vld     |  out|    1|      ap_vld|                    conv3_i_i_5398_out|       pointer|
|conv3_i_i_4_7396_out          |  out|   16|      ap_vld|                  conv3_i_i_4_7396_out|       pointer|
|conv3_i_i_4_7396_out_ap_vld   |  out|    1|      ap_vld|                  conv3_i_i_4_7396_out|       pointer|
|conv3_i_i_4_6393_out          |  out|   16|      ap_vld|                  conv3_i_i_4_6393_out|       pointer|
|conv3_i_i_4_6393_out_ap_vld   |  out|    1|      ap_vld|                  conv3_i_i_4_6393_out|       pointer|
|conv3_i_i_4_5390_out          |  out|   16|      ap_vld|                  conv3_i_i_4_5390_out|       pointer|
|conv3_i_i_4_5390_out_ap_vld   |  out|    1|      ap_vld|                  conv3_i_i_4_5390_out|       pointer|
|conv3_i_i_4_4387_out          |  out|   16|      ap_vld|                  conv3_i_i_4_4387_out|       pointer|
|conv3_i_i_4_4387_out_ap_vld   |  out|    1|      ap_vld|                  conv3_i_i_4_4387_out|       pointer|
|conv3_i_i_4_3384_out          |  out|   16|      ap_vld|                  conv3_i_i_4_3384_out|       pointer|
|conv3_i_i_4_3384_out_ap_vld   |  out|    1|      ap_vld|                  conv3_i_i_4_3384_out|       pointer|
|conv3_i_i_4_2381_out          |  out|   16|      ap_vld|                  conv3_i_i_4_2381_out|       pointer|
|conv3_i_i_4_2381_out_ap_vld   |  out|    1|      ap_vld|                  conv3_i_i_4_2381_out|       pointer|
|conv3_i_i_4_1378_out          |  out|   16|      ap_vld|                  conv3_i_i_4_1378_out|       pointer|
|conv3_i_i_4_1378_out_ap_vld   |  out|    1|      ap_vld|                  conv3_i_i_4_1378_out|       pointer|
|conv3_i_i_4375_out            |  out|   16|      ap_vld|                    conv3_i_i_4375_out|       pointer|
|conv3_i_i_4375_out_ap_vld     |  out|    1|      ap_vld|                    conv3_i_i_4375_out|       pointer|
|conv3_i_i_3_7373_out          |  out|   16|      ap_vld|                  conv3_i_i_3_7373_out|       pointer|
|conv3_i_i_3_7373_out_ap_vld   |  out|    1|      ap_vld|                  conv3_i_i_3_7373_out|       pointer|
|conv3_i_i_3_6370_out          |  out|   16|      ap_vld|                  conv3_i_i_3_6370_out|       pointer|
|conv3_i_i_3_6370_out_ap_vld   |  out|    1|      ap_vld|                  conv3_i_i_3_6370_out|       pointer|
|conv3_i_i_3_5367_out          |  out|   16|      ap_vld|                  conv3_i_i_3_5367_out|       pointer|
|conv3_i_i_3_5367_out_ap_vld   |  out|    1|      ap_vld|                  conv3_i_i_3_5367_out|       pointer|
|conv3_i_i_3_4364_out          |  out|   16|      ap_vld|                  conv3_i_i_3_4364_out|       pointer|
|conv3_i_i_3_4364_out_ap_vld   |  out|    1|      ap_vld|                  conv3_i_i_3_4364_out|       pointer|
|conv3_i_i_3_3361_out          |  out|   16|      ap_vld|                  conv3_i_i_3_3361_out|       pointer|
|conv3_i_i_3_3361_out_ap_vld   |  out|    1|      ap_vld|                  conv3_i_i_3_3361_out|       pointer|
|conv3_i_i_3_2358_out          |  out|   16|      ap_vld|                  conv3_i_i_3_2358_out|       pointer|
|conv3_i_i_3_2358_out_ap_vld   |  out|    1|      ap_vld|                  conv3_i_i_3_2358_out|       pointer|
|conv3_i_i_3_1355_out          |  out|   16|      ap_vld|                  conv3_i_i_3_1355_out|       pointer|
|conv3_i_i_3_1355_out_ap_vld   |  out|    1|      ap_vld|                  conv3_i_i_3_1355_out|       pointer|
|conv3_i_i_3352_out            |  out|   16|      ap_vld|                    conv3_i_i_3352_out|       pointer|
|conv3_i_i_3352_out_ap_vld     |  out|    1|      ap_vld|                    conv3_i_i_3352_out|       pointer|
|conv3_i_i_2_7350_out          |  out|   16|      ap_vld|                  conv3_i_i_2_7350_out|       pointer|
|conv3_i_i_2_7350_out_ap_vld   |  out|    1|      ap_vld|                  conv3_i_i_2_7350_out|       pointer|
|conv3_i_i_2_6347_out          |  out|   16|      ap_vld|                  conv3_i_i_2_6347_out|       pointer|
|conv3_i_i_2_6347_out_ap_vld   |  out|    1|      ap_vld|                  conv3_i_i_2_6347_out|       pointer|
|conv3_i_i_2_5344_out          |  out|   16|      ap_vld|                  conv3_i_i_2_5344_out|       pointer|
|conv3_i_i_2_5344_out_ap_vld   |  out|    1|      ap_vld|                  conv3_i_i_2_5344_out|       pointer|
|conv3_i_i_2_4341_out          |  out|   16|      ap_vld|                  conv3_i_i_2_4341_out|       pointer|
|conv3_i_i_2_4341_out_ap_vld   |  out|    1|      ap_vld|                  conv3_i_i_2_4341_out|       pointer|
|conv3_i_i_2_3338_out          |  out|   16|      ap_vld|                  conv3_i_i_2_3338_out|       pointer|
|conv3_i_i_2_3338_out_ap_vld   |  out|    1|      ap_vld|                  conv3_i_i_2_3338_out|       pointer|
|conv3_i_i_2_2335_out          |  out|   16|      ap_vld|                  conv3_i_i_2_2335_out|       pointer|
|conv3_i_i_2_2335_out_ap_vld   |  out|    1|      ap_vld|                  conv3_i_i_2_2335_out|       pointer|
|conv3_i_i_2_1332_out          |  out|   16|      ap_vld|                  conv3_i_i_2_1332_out|       pointer|
|conv3_i_i_2_1332_out_ap_vld   |  out|    1|      ap_vld|                  conv3_i_i_2_1332_out|       pointer|
|conv3_i_i_2329_out            |  out|   16|      ap_vld|                    conv3_i_i_2329_out|       pointer|
|conv3_i_i_2329_out_ap_vld     |  out|    1|      ap_vld|                    conv3_i_i_2329_out|       pointer|
|conv3_i_i_1_7327_out          |  out|   16|      ap_vld|                  conv3_i_i_1_7327_out|       pointer|
|conv3_i_i_1_7327_out_ap_vld   |  out|    1|      ap_vld|                  conv3_i_i_1_7327_out|       pointer|
|conv3_i_i_1_6324_out          |  out|   16|      ap_vld|                  conv3_i_i_1_6324_out|       pointer|
|conv3_i_i_1_6324_out_ap_vld   |  out|    1|      ap_vld|                  conv3_i_i_1_6324_out|       pointer|
|conv3_i_i_1_5321_out          |  out|   16|      ap_vld|                  conv3_i_i_1_5321_out|       pointer|
|conv3_i_i_1_5321_out_ap_vld   |  out|    1|      ap_vld|                  conv3_i_i_1_5321_out|       pointer|
|conv3_i_i_1_4318_out          |  out|   16|      ap_vld|                  conv3_i_i_1_4318_out|       pointer|
|conv3_i_i_1_4318_out_ap_vld   |  out|    1|      ap_vld|                  conv3_i_i_1_4318_out|       pointer|
|conv3_i_i_1_3315_out          |  out|   16|      ap_vld|                  conv3_i_i_1_3315_out|       pointer|
|conv3_i_i_1_3315_out_ap_vld   |  out|    1|      ap_vld|                  conv3_i_i_1_3315_out|       pointer|
|conv3_i_i_1_2312_out          |  out|   16|      ap_vld|                  conv3_i_i_1_2312_out|       pointer|
|conv3_i_i_1_2312_out_ap_vld   |  out|    1|      ap_vld|                  conv3_i_i_1_2312_out|       pointer|
|conv3_i_i_1_1309_out          |  out|   16|      ap_vld|                  conv3_i_i_1_1309_out|       pointer|
|conv3_i_i_1_1309_out_ap_vld   |  out|    1|      ap_vld|                  conv3_i_i_1_1309_out|       pointer|
|conv3_i_i_1306_out            |  out|   16|      ap_vld|                    conv3_i_i_1306_out|       pointer|
|conv3_i_i_1306_out_ap_vld     |  out|    1|      ap_vld|                    conv3_i_i_1306_out|       pointer|
|conv3_i_i_7219304_out         |  out|   16|      ap_vld|                 conv3_i_i_7219304_out|       pointer|
|conv3_i_i_7219304_out_ap_vld  |  out|    1|      ap_vld|                 conv3_i_i_7219304_out|       pointer|
|conv3_i_i_6209302_out         |  out|   16|      ap_vld|                 conv3_i_i_6209302_out|       pointer|
|conv3_i_i_6209302_out_ap_vld  |  out|    1|      ap_vld|                 conv3_i_i_6209302_out|       pointer|
|conv3_i_i_5199300_out         |  out|   16|      ap_vld|                 conv3_i_i_5199300_out|       pointer|
|conv3_i_i_5199300_out_ap_vld  |  out|    1|      ap_vld|                 conv3_i_i_5199300_out|       pointer|
|conv3_i_i_4189298_out         |  out|   16|      ap_vld|                 conv3_i_i_4189298_out|       pointer|
|conv3_i_i_4189298_out_ap_vld  |  out|    1|      ap_vld|                 conv3_i_i_4189298_out|       pointer|
|conv3_i_i_3179296_out         |  out|   16|      ap_vld|                 conv3_i_i_3179296_out|       pointer|
|conv3_i_i_3179296_out_ap_vld  |  out|    1|      ap_vld|                 conv3_i_i_3179296_out|       pointer|
|conv3_i_i_2169294_out         |  out|   16|      ap_vld|                 conv3_i_i_2169294_out|       pointer|
|conv3_i_i_2169294_out_ap_vld  |  out|    1|      ap_vld|                 conv3_i_i_2169294_out|       pointer|
|conv3_i_i_1159292_out         |  out|   16|      ap_vld|                 conv3_i_i_1159292_out|       pointer|
|conv3_i_i_1159292_out_ap_vld  |  out|    1|      ap_vld|                 conv3_i_i_1159292_out|       pointer|
|conv3_i_i290_out              |  out|   16|      ap_vld|                      conv3_i_i290_out|       pointer|
|conv3_i_i290_out_ap_vld       |  out|    1|      ap_vld|                      conv3_i_i290_out|       pointer|
+------------------------------+-----+-----+------------+--------------------------------------+--------------+

