  **** HLS Build v2025.1 6135595
INFO: [HLS 200-2005] Using work_dir C:/Users/Nani/workspace/HLS_testing_3/sys_component/sys_component 
INFO: [HLS 200-2176] Writing Vitis IDE component file C:/Users/Nani/workspace/HLS_testing_3/sys_component/sys_component/vitis-comp.json
INFO: [HLS 200-10] Creating and opening component 'C:/Users/Nani/workspace/HLS_testing_3/sys_component/sys_component'.
INFO: [HLS 200-1505] Using default flow_target 'vivado'
Resolution: For help on HLS 200-1505 see docs.xilinx.com/access/sources/dita/topic?Doc_Version=2025.1%20English&url=ug1448-hls-guidance&resourceid=200-1505.html
INFO: [HLS 200-2174] Applying component config ini file C:/Users/Nani/workspace/HLS_testing_3/sys_component/hls_config.cfg
INFO: [HLS 200-1465] Applying config ini 'syn.file=D:/systolic.cpp' from C:/Users/Nani/workspace/HLS_testing_3/sys_component/hls_config.cfg(9)
INFO: [HLS 200-10] Adding design file 'D:/systolic.cpp' to the project
INFO: [HLS 200-1465] Applying config ini 'syn.file=D:/systolic.h' from C:/Users/Nani/workspace/HLS_testing_3/sys_component/hls_config.cfg(10)
INFO: [HLS 200-10] Adding design file 'D:/systolic.h' to the project
INFO: [HLS 200-1465] Applying config ini 'tb.file=D:/testbench.cpp' from C:/Users/Nani/workspace/HLS_testing_3/sys_component/hls_config.cfg(8)
INFO: [HLS 200-10] Adding test bench file 'D:/testbench.cpp' to the project
INFO: [HLS 200-1465] Applying config ini 'flow_target=vivado' from C:/Users/Nani/workspace/HLS_testing_3/sys_component/hls_config.cfg(4)
INFO: [HLS 200-1505] Using flow_target 'vivado'
Resolution: For help on HLS 200-1505 see docs.xilinx.com/access/sources/dita/topic?Doc_Version=2025.1%20English&url=ug1448-hls-guidance&resourceid=200-1505.html
INFO: [HLS 200-1465] Applying config ini 'part=xc7z020clg484-1' from C:/Users/Nani/workspace/HLS_testing_3/sys_component/hls_config.cfg(1)
INFO: [HLS 200-1611] Setting target device to 'xc7z020-clg484-1'
INFO: [HLS 200-1465] Applying config ini 'clock=10ns' from C:/Users/Nani/workspace/HLS_testing_3/sys_component/hls_config.cfg(7)
INFO: [SYN 201-201] Setting up clock 'default' with a period of 10ns.
INFO: [HLS 200-1465] Applying config ini 'package.output.format=ip_catalog' from C:/Users/Nani/workspace/HLS_testing_3/sys_component/hls_config.cfg(5)
INFO: [HLS 200-2176] Writing Vitis IDE component file C:/Users/Nani/workspace/HLS_testing_3/sys_component/sys_component/vitis-comp.json
INFO: [SIM 211-2] *************** CSIM start ***************
INFO: [SIM 211-4] CSIM will launch CLANG as the compiler.
INFO: [HLS 200-2036] Building debug C Simulation binaries
   Compiling D:/testbench.cpp in debug mode
   Compiling D:/systolic.cpp in debug mode
   Generating csim.exe
In file included from D:/testbench.cpp:2:
In file included from D://systolic.h:5:
In file included from C:/Xilinx/2025.1/Vitis/include/ap_int.h:10:
In file included from C:/Xilinx/2025.1/Vitis/include/etc/ap_common.h:677:
In file included from C:/Xilinx/2025.1/Vitis/include/etc/ap_private.h:68:
In file included from C:/Xilinx/2025.1/Vitis/include/hls_half.h:26:
In file included from C:/Xilinx/2025.1/Vitis/include/etc/hls_half_fpo.h:19:
In file included from C:/Xilinx/2025.1/Vitis/include/hls_fpo.h:140:
In file included from C:/Xilinx/2025.1/Vitis/include/floating_point_v7_1_bitacc_cmodel.h:150:
C:/Xilinx/2025.1/Vitis/include/gmp.h:58:9: warning: '__GMP_LIBGMP_DLL' macro redefined [-Wmacro-redefined]
#define __GMP_LIBGMP_DLL  0
        ^
C:/Xilinx/2025.1/Vitis/include/floating_point_v7_1_bitacc_cmodel.h:142:9: note: previous definition is here
#define __GMP_LIBGMP_DLL 1
        ^
1 warning generated.
In file included from D:/systolic.cpp:1:
In file included from D://systolic.h:5:
In file included from C:/Xilinx/2025.1/Vitis/include/ap_int.h:10:
In file included from C:/Xilinx/2025.1/Vitis/include/etc/ap_common.h:677:
In file included from C:/Xilinx/2025.1/Vitis/include/etc/ap_private.h:68:
In file included from C:/Xilinx/2025.1/Vitis/include/hls_half.h:26:
In file included from C:/Xilinx/2025.1/Vitis/include/etc/hls_half_fpo.h:19:
In file included from C:/Xilinx/2025.1/Vitis/include/hls_fpo.h:140:
In file included from C:/Xilinx/2025.1/Vitis/include/floating_point_v7_1_bitacc_cmodel.h:150:
C:/Xilinx/2025.1/Vitis/include/gmp.h:58:9: warning: '__GMP_LIBGMP_DLL' macro redefined [-Wmacro-redefined]
#define __GMP_LIBGMP_DLL  0
        ^
C:/Xilinx/2025.1/Vitis/include/floating_point_v7_1_bitacc_cmodel.h:142:9: note: previous definition is here
#define __GMP_LIBGMP_DLL 1
        ^
1 warning generated.
Running Software Reference...
Running HLS Kernel...
ERROR at [0][1]: Expected 20 but got 14
ERROR at [0][2]: Expected 34 but got 11
ERROR at [0][3]: Expected 48 but got 3
ERROR at [1][0]: Expected 10 but got 6
ERROR at [1][2]: Expected 50 but got 31
ERROR at [1][3]: Expected 70 but got 19
ERROR at [2][0]: Expected 14 but got 5
ERROR at [2][1]: Expected 40 but got 29
ERROR at [2][3]: Expected 92 but got 54
ERROR at [3][0]: Expected 18 but got 3
ERROR at [3][1]: Expected 50 but got 25
ERROR at [3][2]: Expected 82 but got 64
*** TEST FAILED with 12 errors. ***
INFO [HLS SIM]: The maximum depth reached by any hls::stream() instance in the design is 12
@E Simulation failed: Function 'main' returns nonzero value '1'.
ERROR: [SIM 211-100] 'csim_design' failed: nonzero return value.
INFO: [SIM 211-3] *************** CSIM finish ***************
ERROR: 4
INFO: [HLS 200-112] Total CPU user time: 0 seconds. Total CPU system time: 0 seconds. Total elapsed time: 20.746 seconds; peak allocated memory: 425.906 MB.
