  **** HLS Build v2025.1 6135595
INFO: [HLS 200-2005] Using work_dir C:/Users/Nani/workspace/HLS_testing_3/sys_component/sys_component 
INFO: [HLS 200-2176] Writing Vitis IDE component file C:/Users/Nani/workspace/HLS_testing_3/sys_component/sys_component/vitis-comp.json
INFO: [HLS 200-10] Creating and opening component 'C:/Users/Nani/workspace/HLS_testing_3/sys_component/sys_component'.
INFO: [HLS 200-1611] Setting target device to 'xc7z020-clg484-1'
INFO: [HLS 200-1505] Using default flow_target 'vivado'
Resolution: For help on HLS 200-1505 see docs.xilinx.com/access/sources/dita/topic?Doc_Version=2025.1%20English&url=ug1448-hls-guidance&resourceid=200-1505.html
INFO: [HLS 200-2174] Applying component config ini file C:/Users/Nani/workspace/HLS_testing_3/sys_component/hls_config.cfg
INFO: [HLS 200-1465] Applying config ini 'syn.file=systolic.cpp' from C:/Users/Nani/workspace/HLS_testing_3/sys_component/hls_config.cfg(8)
INFO: [HLS 200-10] Adding design file 'C:/Users/Nani/workspace/HLS_testing_3/sys_component/systolic.cpp' to the project
INFO: [HLS 200-1465] Applying config ini 'syn.file=systolic.h' from C:/Users/Nani/workspace/HLS_testing_3/sys_component/hls_config.cfg(9)
INFO: [HLS 200-10] Adding design file 'C:/Users/Nani/workspace/HLS_testing_3/sys_component/systolic.h' to the project
INFO: [HLS 200-1465] Applying config ini 'tb.file=testbench.cpp' from C:/Users/Nani/workspace/HLS_testing_3/sys_component/hls_config.cfg(10)
INFO: [HLS 200-10] Adding test bench file 'C:/Users/Nani/workspace/HLS_testing_3/sys_component/testbench.cpp' to the project
INFO: [HLS 200-1465] Applying config ini 'syn.top=systolic_array_kernel' from C:/Users/Nani/workspace/HLS_testing_3/sys_component/hls_config.cfg(11)
INFO: [HLS 200-1465] Applying config ini 'flow_target=vivado' from C:/Users/Nani/workspace/HLS_testing_3/sys_component/hls_config.cfg(4)
INFO: [HLS 200-1505] Using flow_target 'vivado'
Resolution: For help on HLS 200-1505 see docs.xilinx.com/access/sources/dita/topic?Doc_Version=2025.1%20English&url=ug1448-hls-guidance&resourceid=200-1505.html
INFO: [HLS 200-1465] Applying config ini 'part=xc7z020clg484-1' from C:/Users/Nani/workspace/HLS_testing_3/sys_component/hls_config.cfg(1)
INFO: [HLS 200-1465] Applying config ini 'clock=10ns' from C:/Users/Nani/workspace/HLS_testing_3/sys_component/hls_config.cfg(7)
INFO: [SYN 201-201] Setting up clock 'default' with a period of 10ns.
INFO: [HLS 200-1465] Applying config ini 'package.output.format=ip_catalog' from C:/Users/Nani/workspace/HLS_testing_3/sys_component/hls_config.cfg(5)
INFO: [HLS 200-2176] Writing Vitis IDE component file C:/Users/Nani/workspace/HLS_testing_3/sys_component/sys_component/vitis-comp.json
INFO: [IMPL 213-8] Exporting RTL as a Vivado IP.
